{"C:\\Users\\Павел\\Desktop\\homeworks_backend\\29082024\\Hospital-Appointment-Scheduler\\src\\index.ts": {"path":"C:\\Users\\Павел\\Desktop\\homeworks_backend\\29082024\\Hospital-Appointment-Scheduler\\src\\index.ts","statementMap":{"0":{"start":{"line":1,"column":0},"end":{"line":1,"column":26}},"1":{"start":{"line":2,"column":0},"end":{"line":2,"column":34}},"2":{"start":{"line":3,"column":0},"end":{"line":3,"column":35}},"3":{"start":{"line":4,"column":0},"end":{"line":4,"column":39}},"4":{"start":{"line":5,"column":0},"end":{"line":5,"column":62}},"5":{"start":{"line":6,"column":0},"end":{"line":6,"column":70}},"6":{"start":{"line":7,"column":0},"end":{"line":7,"column":83}},"7":{"start":{"line":8,"column":0},"end":{"line":8,"column":62}},"8":{"start":{"line":9,"column":0},"end":{"line":9,"column":65}},"9":{"start":{"line":10,"column":0},"end":{"line":10,"column":52}},"10":{"start":{"line":12,"column":13},"end":{"line":12,"column":31}},"11":{"start":{"line":13,"column":13},"end":{"line":13,"column":31}},"12":{"start":{"line":15,"column":13},"end":{"line":34,"column":1}},"13":{"start":{"line":16,"column":22},"end":{"line":16,"column":48}},"14":{"start":{"line":18,"column":2},"end":{"line":22,"column":3}},"15":{"start":{"line":19,"column":4},"end":{"line":19,"column":61}},"16":{"start":{"line":20,"column":4},"end":{"line":20,"column":17}},"17":{"start":{"line":21,"column":4},"end":{"line":21,"column":25}},"18":{"start":{"line":23,"column":14},"end":{"line":31,"column":null}},"19":{"start":{"line":33,"column":2},"end":{"line":33,"column":15}},"20":{"start":{"line":36,"column":0},"end":{"line":36,"column":17}}},"fnMap":{"0":{"name":"(anonymous_1)","decl":{"start":{"line":15,"column":13},"end":{"line":15,"column":18}},"loc":{"start":{"line":15,"column":50},"end":{"line":34,"column":1}}}},"branchMap":{"0":{"loc":{"start":{"line":18,"column":2},"end":{"line":22,"column":3}},"type":"if","locations":[{"start":{"line":18,"column":2},"end":{"line":22,"column":3}}]}},"s":{"0":0,"1":0,"2":0,"3":0,"4":0,"5":0,"6":0,"7":0,"8":0,"9":0,"10":0,"11":0,"12":0,"13":0,"14":0,"15":0,"16":0,"17":0,"18":0,"19":0,"20":0},"f":{"0":0},"b":{"0":[0]}}
,"C:\\Users\\Павел\\Desktop\\homeworks_backend\\29082024\\Hospital-Appointment-Scheduler\\src\\bll\\appointment\\appointment.service.ts": {"path":"C:\\Users\\Павел\\Desktop\\homeworks_backend\\29082024\\Hospital-Appointment-Scheduler\\src\\bll\\appointment\\appointment.service.ts","statementMap":{"0":{"start":{"line":1,"column":0},"end":{"line":1,"column":84}},"1":{"start":{"line":2,"column":0},"end":{"line":2,"column":33}},"2":{"start":{"line":6,"column":0},"end":{"line":31,"column":null}},"3":{"start":{"line":8,"column":22},"end":{"line":8,"column":45}},"4":{"start":{"line":10,"column":2},"end":{"line":12,"column":4}},"5":{"start":{"line":11,"column":4},"end":{"line":11,"column":60}},"6":{"start":{"line":14,"column":2},"end":{"line":18,"column":4}},"7":{"start":{"line":17,"column":4},"end":{"line":17,"column":69}},"8":{"start":{"line":20,"column":2},"end":{"line":24,"column":4}},"9":{"start":{"line":23,"column":4},"end":{"line":23,"column":69}},"10":{"start":{"line":26,"column":2},"end":{"line":30,"column":4}},"11":{"start":{"line":29,"column":4},"end":{"line":29,"column":65}},"12":{"start":{"line":7,"column":6},"end":{"line":31,"column":null}},"13":{"start":{"line":33,"column":0},"end":{"line":33,"column":35}}},"fnMap":{"0":{"name":"(anonymous_3)","decl":{"start":{"line":8,"column":2},"end":{"line":8,"column":22}},"loc":{"start":{"line":8,"column":66},"end":{"line":8,"column":70}}},"1":{"name":"(anonymous_4)","decl":{"start":{"line":10,"column":22},"end":{"line":10,"column":27}},"loc":{"start":{"line":10,"column":43},"end":{"line":12,"column":3}}},"2":{"name":"(anonymous_5)","decl":{"start":{"line":14,"column":22},"end":{"line":14,"column":27}},"loc":{"start":{"line":16,"column":39},"end":{"line":18,"column":3}}},"3":{"name":"(anonymous_6)","decl":{"start":{"line":20,"column":22},"end":{"line":20,"column":27}},"loc":{"start":{"line":22,"column":39},"end":{"line":24,"column":3}}},"4":{"name":"(anonymous_7)","decl":{"start":{"line":26,"column":20},"end":{"line":26,"column":25}},"loc":{"start":{"line":28,"column":41},"end":{"line":30,"column":3}}}},"branchMap":{},"s":{"0":3,"1":3,"2":3,"3":6,"4":6,"5":2,"6":6,"7":2,"8":6,"9":2,"10":6,"11":2,"12":3,"13":3},"f":{"0":6,"1":2,"2":2,"3":2,"4":2},"b":{}}
,"C:\\Users\\Павел\\Desktop\\homeworks_backend\\29082024\\Hospital-Appointment-Scheduler\\src\\bll\\doctors\\doctors.service.ts": {"path":"C:\\Users\\Павел\\Desktop\\homeworks_backend\\29082024\\Hospital-Appointment-Scheduler\\src\\bll\\doctors\\doctors.service.ts","statementMap":{"0":{"start":{"line":1,"column":0},"end":{"line":1,"column":71}},"1":{"start":{"line":2,"column":0},"end":{"line":2,"column":33}},"2":{"start":{"line":7,"column":0},"end":{"line":18,"column":null}},"3":{"start":{"line":9,"column":22},"end":{"line":9,"column":40}},"4":{"start":{"line":11,"column":2},"end":{"line":13,"column":4}},"5":{"start":{"line":12,"column":4},"end":{"line":12,"column":51}},"6":{"start":{"line":15,"column":2},"end":{"line":17,"column":4}},"7":{"start":{"line":16,"column":4},"end":{"line":16,"column":52}},"8":{"start":{"line":8,"column":6},"end":{"line":18,"column":null}},"9":{"start":{"line":20,"column":0},"end":{"line":20,"column":30}}},"fnMap":{"0":{"name":"(anonymous_3)","decl":{"start":{"line":9,"column":2},"end":{"line":9,"column":22}},"loc":{"start":{"line":9,"column":56},"end":{"line":9,"column":60}}},"1":{"name":"(anonymous_4)","decl":{"start":{"line":11,"column":18},"end":{"line":11,"column":23}},"loc":{"start":{"line":11,"column":67},"end":{"line":13,"column":3}}},"2":{"name":"(anonymous_5)","decl":{"start":{"line":15,"column":15},"end":{"line":15,"column":20}},"loc":{"start":{"line":15,"column":70},"end":{"line":17,"column":3}}}},"branchMap":{},"s":{"0":3,"1":3,"2":3,"3":4,"4":4,"5":2,"6":4,"7":2,"8":3,"9":3},"f":{"0":4,"1":2,"2":2},"b":{}}
,"C:\\Users\\Павел\\Desktop\\homeworks_backend\\29082024\\Hospital-Appointment-Scheduler\\src\\bll\\users\\users.service.ts": {"path":"C:\\Users\\Павел\\Desktop\\homeworks_backend\\29082024\\Hospital-Appointment-Scheduler\\src\\bll\\users\\users.service.ts","statementMap":{"0":{"start":{"line":2,"column":0},"end":{"line":2,"column":66}},"1":{"start":{"line":4,"column":0},"end":{"line":4,"column":33}},"2":{"start":{"line":6,"column":0},"end":{"line":50,"column":null}},"3":{"start":{"line":8,"column":22},"end":{"line":8,"column":39}},"4":{"start":{"line":9,"column":10},"end":{"line":13,"column":4}},"5":{"start":{"line":10,"column":27},"end":{"line":10,"column":41}},"6":{"start":{"line":11,"column":4},"end":{"line":11,"column":43}},"7":{"start":{"line":12,"column":4},"end":{"line":12,"column":54}},"8":{"start":{"line":15,"column":10},"end":{"line":21,"column":4}},"9":{"start":{"line":16,"column":17},"end":{"line":16,"column":35}},"10":{"start":{"line":17,"column":17},"end":{"line":17,"column":35}},"11":{"start":{"line":18,"column":18},"end":{"line":18,"column":62}},"12":{"start":{"line":19,"column":16},"end":{"line":19,"column":55}},"13":{"start":{"line":20,"column":4},"end":{"line":20,"column":37}},"14":{"start":{"line":23,"column":2},"end":{"line":25,"column":4}},"15":{"start":{"line":24,"column":4},"end":{"line":24,"column":50}},"16":{"start":{"line":27,"column":2},"end":{"line":46,"column":4}},"17":{"start":{"line":28,"column":25},"end":{"line":28,"column":29}},"18":{"start":{"line":29,"column":23},"end":{"line":29,"column":51}},"19":{"start":{"line":30,"column":20},"end":{"line":32,"column":null}},"20":{"start":{"line":35,"column":4},"end":{"line":37,"column":5}},"21":{"start":{"line":36,"column":6},"end":{"line":36,"column":21}},"22":{"start":{"line":40,"column":4},"end":{"line":42,"column":5}},"23":{"start":{"line":41,"column":6},"end":{"line":41,"column":21}},"24":{"start":{"line":44,"column":17},"end":{"line":44,"column":50}},"25":{"start":{"line":45,"column":4},"end":{"line":45,"column":42}},"26":{"start":{"line":48,"column":4},"end":{"line":48,"column":52}},"27":{"start":{"line":7,"column":6},"end":{"line":50,"column":null}},"28":{"start":{"line":52,"column":0},"end":{"line":52,"column":28}}},"fnMap":{"0":{"name":"(anonymous_3)","decl":{"start":{"line":8,"column":2},"end":{"line":8,"column":22}},"loc":{"start":{"line":8,"column":54},"end":{"line":8,"column":58}}},"1":{"name":"(anonymous_4)","decl":{"start":{"line":9,"column":26},"end":{"line":9,"column":27}},"loc":{"start":{"line":9,"column":58},"end":{"line":13,"column":3}}},"2":{"name":"(anonymous_5)","decl":{"start":{"line":15,"column":23},"end":{"line":15,"column":24}},"loc":{"start":{"line":15,"column":52},"end":{"line":21,"column":3}}},"3":{"name":"(anonymous_6)","decl":{"start":{"line":23,"column":19},"end":{"line":23,"column":20}},"loc":{"start":{"line":23,"column":70},"end":{"line":25,"column":3}}},"4":{"name":"(anonymous_7)","decl":{"start":{"line":27,"column":16},"end":{"line":27,"column":21}},"loc":{"start":{"line":27,"column":63},"end":{"line":46,"column":3}}},"5":{"name":"(anonymous_8)","decl":{"start":{"line":47,"column":10},"end":{"line":47,"column":20}},"loc":{"start":{"line":47,"column":42},"end":{"line":49,"column":3}}}},"branchMap":{"0":{"loc":{"start":{"line":35,"column":4},"end":{"line":37,"column":5}},"type":"if","locations":[{"start":{"line":35,"column":4},"end":{"line":37,"column":5}}]},"1":{"loc":{"start":{"line":40,"column":4},"end":{"line":42,"column":5}},"type":"if","locations":[{"start":{"line":40,"column":4},"end":{"line":42,"column":5}}]},"2":{"loc":{"start":{"line":40,"column":8},"end":{"line":40,"column":37}},"type":"binary-expr","locations":[{"start":{"line":40,"column":8},"end":{"line":40,"column":16}},{"start":{"line":40,"column":20},"end":{"line":40,"column":37}}]}},"s":{"0":3,"1":3,"2":3,"3":5,"4":5,"5":2,"6":2,"7":2,"8":5,"9":2,"10":2,"11":2,"12":2,"13":2,"14":5,"15":8,"16":5,"17":2,"18":2,"19":2,"20":2,"21":0,"22":2,"23":0,"24":2,"25":2,"26":2,"27":3,"28":3},"f":{"0":5,"1":2,"2":2,"3":8,"4":2,"5":2},"b":{"0":[0],"1":[0],"2":[2,2]}}
,"C:\\Users\\Павел\\Desktop\\homeworks_backend\\29082024\\Hospital-Appointment-Scheduler\\src\\config\\index.ts": {"path":"C:\\Users\\Павел\\Desktop\\homeworks_backend\\29082024\\Hospital-Appointment-Scheduler\\src\\config\\index.ts","statementMap":{"0":{"start":{"line":1,"column":0},"end":{"line":1,"column":30}},"1":{"start":{"line":9,"column":15},"end":{"line":35,"column":2}},"2":{"start":{"line":36,"column":21},"end":{"line":36,"column":47}},"3":{"start":{"line":37,"column":13},"end":{"line":44,"column":2}},"4":{"start":{"line":46,"column":0},"end":{"line":46,"column":39}},"5":{"start":{"line":48,"column":0},"end":{"line":48,"column":22}}},"fnMap":{},"branchMap":{},"s":{"0":7,"1":7,"2":7,"3":7,"4":7,"5":7},"f":{},"b":{}}
,"C:\\Users\\Павел\\Desktop\\homeworks_backend\\29082024\\Hospital-Appointment-Scheduler\\src\\dal\\client.ts": {"path":"C:\\Users\\Павел\\Desktop\\homeworks_backend\\29082024\\Hospital-Appointment-Scheduler\\src\\dal\\client.ts","statementMap":{"0":{"start":{"line":1,"column":0},"end":{"line":1,"column":21}},"1":{"start":{"line":2,"column":19},"end":{"line":2,"column":22}},"2":{"start":{"line":16,"column":4},"end":{"line":16,"column":25}},"3":{"start":{"line":20,"column":19},"end":{"line":20,"column":42}},"4":{"start":{"line":21,"column":4},"end":{"line":21,"column":27}},"5":{"start":{"line":22,"column":4},"end":{"line":27,"column":5}},"6":{"start":{"line":23,"column":18},"end":{"line":23,"column":50}},"7":{"start":{"line":24,"column":6},"end":{"line":24,"column":17}},"8":{"start":{"line":26,"column":6},"end":{"line":26,"column":25}},"9":{"start":{"line":31,"column":0},"end":{"line":31,"column":30}}},"fnMap":{"0":{"name":"(anonymous_1)","decl":{"start":{"line":15,"column":2},"end":{"line":15,"column":14}},"loc":{"start":{"line":15,"column":36},"end":{"line":17,"column":3}}},"1":{"name":"(anonymous_2)","decl":{"start":{"line":19,"column":9},"end":{"line":19,"column":14}},"loc":{"start":{"line":19,"column":49},"end":{"line":28,"column":3}}}},"branchMap":{},"s":{"0":7,"1":7,"2":9,"3":2,"4":2,"5":2,"6":2,"7":1,"8":2,"9":7},"f":{"0":9,"1":2},"b":{}}
,"C:\\Users\\Павел\\Desktop\\homeworks_backend\\29082024\\Hospital-Appointment-Scheduler\\src\\dal\\appointment\\appointment.repository.ts": {"path":"C:\\Users\\Павел\\Desktop\\homeworks_backend\\29082024\\Hospital-Appointment-Scheduler\\src\\dal\\appointment\\appointment.repository.ts","statementMap":{"0":{"start":{"line":2,"column":0},"end":{"line":2,"column":33}},"1":{"start":{"line":3,"column":0},"end":{"line":3,"column":42}},"2":{"start":{"line":4,"column":0},"end":{"line":4,"column":49}},"3":{"start":{"line":5,"column":0},"end":{"line":5,"column":72}},"4":{"start":{"line":7,"column":0},"end":{"line":320,"column":null}},"5":{"start":{"line":15,"column":2},"end":{"line":111,"column":4}},"6":{"start":{"line":18,"column":22},"end":{"line":23,"column":6}},"7":{"start":{"line":25,"column":19},"end":{"line":32,"column":6}},"8":{"start":{"line":34,"column":4},"end":{"line":110,"column":5}},"9":{"start":{"line":35,"column":6},"end":{"line":35,"column":41}},"10":{"start":{"line":37,"column":37},"end":{"line":41,"column":8}},"11":{"start":{"line":42,"column":38},"end":{"line":46,"column":8}},"12":{"start":{"line":48,"column":33},"end":{"line":50,"column":null}},"13":{"start":{"line":53,"column":6},"end":{"line":58,"column":7}},"14":{"start":{"line":54,"column":8},"end":{"line":57,"column":11}},"15":{"start":{"line":60,"column":21},"end":{"line":60,"column":65}},"16":{"start":{"line":61,"column":6},"end":{"line":99,"column":7}},"17":{"start":{"line":62,"column":32},"end":{"line":62,"column":46}},"18":{"start":{"line":63,"column":26},"end":{"line":63,"column":51}},"19":{"start":{"line":64,"column":25},"end":{"line":64,"column":49}},"20":{"start":{"line":66,"column":29},"end":{"line":66,"column":127}},"21":{"start":{"line":67,"column":28},"end":{"line":67,"column":141}},"22":{"start":{"line":69,"column":30},"end":{"line":71,"column":10}},"23":{"start":{"line":72,"column":29},"end":{"line":72,"column":79}},"24":{"start":{"line":75,"column":10},"end":{"line":75,"column":70}},"25":{"start":{"line":77,"column":10},"end":{"line":77,"column":68}},"26":{"start":{"line":79,"column":31},"end":{"line":79,"column":60}},"27":{"start":{"line":80,"column":40},"end":{"line":84,"column":10}},"28":{"start":{"line":85,"column":8},"end":{"line":85,"column":77}},"29":{"start":{"line":87,"column":8},"end":{"line":87,"column":44}},"30":{"start":{"line":89,"column":8},"end":{"line":92,"column":null}},"31":{"start":{"line":95,"column":8},"end":{"line":98,"column":11}},"32":{"start":{"line":101,"column":6},"end":{"line":101,"column":44}},"33":{"start":{"line":102,"column":6},"end":{"line":109,"column":7}},"34":{"start":{"line":103,"column":8},"end":{"line":103,"column":18}},"35":{"start":{"line":105,"column":8},"end":{"line":108,"column":11}},"36":{"start":{"line":113,"column":2},"end":{"line":243,"column":4}},"37":{"start":{"line":116,"column":22},"end":{"line":122,"column":6}},"38":{"start":{"line":124,"column":19},"end":{"line":132,"column":6}},"39":{"start":{"line":134,"column":4},"end":{"line":242,"column":5}},"40":{"start":{"line":135,"column":6},"end":{"line":135,"column":41}},"41":{"start":{"line":138,"column":36},"end":{"line":138,"column":90}},"42":{"start":{"line":139,"column":37},"end":{"line":141,"column":null}},"43":{"start":{"line":144,"column":6},"end":{"line":149,"column":7}},"44":{"start":{"line":145,"column":8},"end":{"line":148,"column":11}},"45":{"start":{"line":151,"column":34},"end":{"line":151,"column":64}},"46":{"start":{"line":154,"column":31},"end":{"line":158,"column":8}},"47":{"start":{"line":159,"column":6},"end":{"line":163,"column":9}},"48":{"start":{"line":166,"column":37},"end":{"line":170,"column":8}},"49":{"start":{"line":171,"column":38},"end":{"line":175,"column":8}},"50":{"start":{"line":177,"column":33},"end":{"line":179,"column":null}},"51":{"start":{"line":182,"column":6},"end":{"line":187,"column":7}},"52":{"start":{"line":183,"column":8},"end":{"line":186,"column":11}},"53":{"start":{"line":190,"column":21},"end":{"line":190,"column":65}},"54":{"start":{"line":192,"column":6},"end":{"line":231,"column":7}},"55":{"start":{"line":193,"column":32},"end":{"line":193,"column":46}},"56":{"start":{"line":194,"column":26},"end":{"line":194,"column":51}},"57":{"start":{"line":195,"column":25},"end":{"line":195,"column":49}},"58":{"start":{"line":197,"column":29},"end":{"line":197,"column":127}},"59":{"start":{"line":198,"column":28},"end":{"line":198,"column":141}},"60":{"start":{"line":200,"column":30},"end":{"line":202,"column":10}},"61":{"start":{"line":203,"column":29},"end":{"line":203,"column":79}},"62":{"start":{"line":206,"column":10},"end":{"line":206,"column":70}},"63":{"start":{"line":208,"column":10},"end":{"line":208,"column":68}},"64":{"start":{"line":211,"column":31},"end":{"line":211,"column":60}},"65":{"start":{"line":212,"column":40},"end":{"line":216,"column":10}},"66":{"start":{"line":217,"column":8},"end":{"line":217,"column":77}},"67":{"start":{"line":219,"column":8},"end":{"line":219,"column":44}},"68":{"start":{"line":221,"column":8},"end":{"line":224,"column":null}},"69":{"start":{"line":227,"column":8},"end":{"line":230,"column":11}},"70":{"start":{"line":233,"column":6},"end":{"line":233,"column":44}},"71":{"start":{"line":234,"column":6},"end":{"line":241,"column":7}},"72":{"start":{"line":235,"column":8},"end":{"line":235,"column":18}},"73":{"start":{"line":237,"column":8},"end":{"line":240,"column":11}},"74":{"start":{"line":245,"column":2},"end":{"line":286,"column":4}},"75":{"start":{"line":246,"column":22},"end":{"line":246,"column":118}},"76":{"start":{"line":248,"column":4},"end":{"line":285,"column":5}},"77":{"start":{"line":249,"column":6},"end":{"line":249,"column":41}},"78":{"start":{"line":251,"column":21},"end":{"line":251,"column":63}},"79":{"start":{"line":253,"column":6},"end":{"line":258,"column":7}},"80":{"start":{"line":254,"column":8},"end":{"line":257,"column":11}},"81":{"start":{"line":260,"column":40},"end":{"line":260,"column":54}},"82":{"start":{"line":263,"column":30},"end":{"line":267,"column":8}},"83":{"start":{"line":269,"column":6},"end":{"line":269,"column":74}},"84":{"start":{"line":271,"column":6},"end":{"line":271,"column":42}},"85":{"start":{"line":273,"column":6},"end":{"line":273,"column":83}},"86":{"start":{"line":275,"column":6},"end":{"line":275,"column":44}},"87":{"start":{"line":276,"column":6},"end":{"line":276,"column":58}},"88":{"start":{"line":277,"column":6},"end":{"line":284,"column":7}},"89":{"start":{"line":278,"column":8},"end":{"line":278,"column":18}},"90":{"start":{"line":280,"column":8},"end":{"line":283,"column":11}},"91":{"start":{"line":288,"column":2},"end":{"line":319,"column":4}},"92":{"start":{"line":291,"column":22},"end":{"line":295,"column":6}},"93":{"start":{"line":297,"column":4},"end":{"line":318,"column":5}},"94":{"start":{"line":298,"column":21},"end":{"line":298,"column":70}},"95":{"start":{"line":300,"column":6},"end":{"line":305,"column":7}},"96":{"start":{"line":301,"column":8},"end":{"line":304,"column":11}},"97":{"start":{"line":307,"column":6},"end":{"line":307,"column":25}},"98":{"start":{"line":309,"column":6},"end":{"line":309,"column":59}},"99":{"start":{"line":310,"column":6},"end":{"line":317,"column":7}},"100":{"start":{"line":311,"column":8},"end":{"line":311,"column":18}},"101":{"start":{"line":313,"column":8},"end":{"line":316,"column":11}},"102":{"start":{"line":12,"column":4},"end":{"line":12,"column":49}},"103":{"start":{"line":8,"column":6},"end":{"line":320,"column":null}},"104":{"start":{"line":322,"column":0},"end":{"line":322,"column":37}}},"fnMap":{"0":{"name":"(anonymous_3)","decl":{"start":{"line":11,"column":2},"end":{"line":11,"column":null}},"loc":{"start":{"line":11,"column":2},"end":{"line":13,"column":3}}},"1":{"name":"(anonymous_4)","decl":{"start":{"line":15,"column":22},"end":{"line":15,"column":27}},"loc":{"start":{"line":17,"column":39},"end":{"line":111,"column":3}}},"2":{"name":"(anonymous_5)","decl":{"start":{"line":113,"column":22},"end":{"line":113,"column":27}},"loc":{"start":{"line":115,"column":39},"end":{"line":243,"column":3}}},"3":{"name":"(anonymous_6)","decl":{"start":{"line":245,"column":22},"end":{"line":245,"column":27}},"loc":{"start":{"line":245,"column":71},"end":{"line":286,"column":3}}},"4":{"name":"(anonymous_7)","decl":{"start":{"line":288,"column":20},"end":{"line":288,"column":25}},"loc":{"start":{"line":290,"column":41},"end":{"line":319,"column":3}}}},"branchMap":{"0":{"loc":{"start":{"line":53,"column":6},"end":{"line":58,"column":7}},"type":"if","locations":[{"start":{"line":53,"column":6},"end":{"line":58,"column":7}}]},"1":{"loc":{"start":{"line":61,"column":6},"end":{"line":99,"column":7}},"type":"if","locations":[{"start":{"line":61,"column":6},"end":{"line":99,"column":7}},{"start":{"line":94,"column":13},"end":{"line":99,"column":7}}]},"2":{"loc":{"start":{"line":75,"column":10},"end":{"line":75,"column":70}},"type":"cond-expr","locations":[{"start":{"line":75,"column":42},"end":{"line":75,"column":63}},{"start":{"line":75,"column":66},"end":{"line":75,"column":70}}]},"3":{"loc":{"start":{"line":77,"column":10},"end":{"line":77,"column":68}},"type":"cond-expr","locations":[{"start":{"line":77,"column":41},"end":{"line":77,"column":61}},{"start":{"line":77,"column":64},"end":{"line":77,"column":68}}]},"4":{"loc":{"start":{"line":102,"column":6},"end":{"line":109,"column":7}},"type":"if","locations":[{"start":{"line":102,"column":6},"end":{"line":109,"column":7}},{"start":{"line":104,"column":13},"end":{"line":109,"column":7}}]},"5":{"loc":{"start":{"line":144,"column":6},"end":{"line":149,"column":7}},"type":"if","locations":[{"start":{"line":144,"column":6},"end":{"line":149,"column":7}}]},"6":{"loc":{"start":{"line":182,"column":6},"end":{"line":187,"column":7}},"type":"if","locations":[{"start":{"line":182,"column":6},"end":{"line":187,"column":7}}]},"7":{"loc":{"start":{"line":192,"column":6},"end":{"line":231,"column":7}},"type":"if","locations":[{"start":{"line":192,"column":6},"end":{"line":231,"column":7}},{"start":{"line":226,"column":13},"end":{"line":231,"column":7}}]},"8":{"loc":{"start":{"line":206,"column":10},"end":{"line":206,"column":70}},"type":"cond-expr","locations":[{"start":{"line":206,"column":42},"end":{"line":206,"column":63}},{"start":{"line":206,"column":66},"end":{"line":206,"column":70}}]},"9":{"loc":{"start":{"line":208,"column":10},"end":{"line":208,"column":68}},"type":"cond-expr","locations":[{"start":{"line":208,"column":41},"end":{"line":208,"column":61}},{"start":{"line":208,"column":64},"end":{"line":208,"column":68}}]},"10":{"loc":{"start":{"line":234,"column":6},"end":{"line":241,"column":7}},"type":"if","locations":[{"start":{"line":234,"column":6},"end":{"line":241,"column":7}},{"start":{"line":236,"column":13},"end":{"line":241,"column":7}}]},"11":{"loc":{"start":{"line":253,"column":6},"end":{"line":258,"column":7}},"type":"if","locations":[{"start":{"line":253,"column":6},"end":{"line":258,"column":7}}]},"12":{"loc":{"start":{"line":277,"column":6},"end":{"line":284,"column":7}},"type":"if","locations":[{"start":{"line":277,"column":6},"end":{"line":284,"column":7}},{"start":{"line":279,"column":13},"end":{"line":284,"column":7}}]},"13":{"loc":{"start":{"line":300,"column":6},"end":{"line":305,"column":7}},"type":"if","locations":[{"start":{"line":300,"column":6},"end":{"line":305,"column":7}}]},"14":{"loc":{"start":{"line":310,"column":6},"end":{"line":317,"column":7}},"type":"if","locations":[{"start":{"line":310,"column":6},"end":{"line":317,"column":7}},{"start":{"line":312,"column":13},"end":{"line":317,"column":7}}]}},"s":{"0":2,"1":2,"2":2,"3":2,"4":2,"5":5,"6":0,"7":0,"8":0,"9":0,"10":0,"11":0,"12":0,"13":0,"14":0,"15":0,"16":0,"17":0,"18":0,"19":0,"20":0,"21":0,"22":0,"23":0,"24":0,"25":0,"26":0,"27":0,"28":0,"29":0,"30":0,"31":0,"32":0,"33":0,"34":0,"35":0,"36":5,"37":0,"38":0,"39":0,"40":0,"41":0,"42":0,"43":0,"44":0,"45":0,"46":0,"47":0,"48":0,"49":0,"50":0,"51":0,"52":0,"53":0,"54":0,"55":0,"56":0,"57":0,"58":0,"59":0,"60":0,"61":0,"62":0,"63":0,"64":0,"65":0,"66":0,"67":0,"68":0,"69":0,"70":0,"71":0,"72":0,"73":0,"74":5,"75":0,"76":0,"77":0,"78":0,"79":0,"80":0,"81":0,"82":0,"83":0,"84":0,"85":0,"86":0,"87":0,"88":0,"89":0,"90":0,"91":5,"92":0,"93":0,"94":0,"95":0,"96":0,"97":0,"98":0,"99":0,"100":0,"101":0,"102":5,"103":2,"104":2},"f":{"0":5,"1":0,"2":0,"3":0,"4":0},"b":{"0":[0],"1":[0,0],"2":[0,0],"3":[0,0],"4":[0,0],"5":[0],"6":[0],"7":[0,0],"8":[0,0],"9":[0,0],"10":[0,0],"11":[0],"12":[0,0],"13":[0],"14":[0,0]}}
,"C:\\Users\\Павел\\Desktop\\homeworks_backend\\29082024\\Hospital-Appointment-Scheduler\\src\\dal\\doctors\\doctors.repository.ts": {"path":"C:\\Users\\Павел\\Desktop\\homeworks_backend\\29082024\\Hospital-Appointment-Scheduler\\src\\dal\\doctors\\doctors.repository.ts","statementMap":{"0":{"start":{"line":2,"column":0},"end":{"line":2,"column":33}},"1":{"start":{"line":3,"column":0},"end":{"line":3,"column":42}},"2":{"start":{"line":4,"column":0},"end":{"line":4,"column":49}},"3":{"start":{"line":6,"column":0},"end":{"line":6,"column":72}},"4":{"start":{"line":8,"column":0},"end":{"line":116,"column":null}},"5":{"start":{"line":16,"column":2},"end":{"line":52,"column":4}},"6":{"start":{"line":17,"column":22},"end":{"line":29,"column":6}},"7":{"start":{"line":31,"column":4},"end":{"line":51,"column":5}},"8":{"start":{"line":32,"column":21},"end":{"line":32,"column":63}},"9":{"start":{"line":34,"column":6},"end":{"line":39,"column":7}},"10":{"start":{"line":35,"column":8},"end":{"line":38,"column":11}},"11":{"start":{"line":41,"column":6},"end":{"line":41,"column":28}},"12":{"start":{"line":43,"column":6},"end":{"line":43,"column":51}},"13":{"start":{"line":44,"column":6},"end":{"line":46,"column":7}},"14":{"start":{"line":45,"column":8},"end":{"line":45,"column":18}},"15":{"start":{"line":47,"column":6},"end":{"line":50,"column":9}},"16":{"start":{"line":54,"column":2},"end":{"line":115,"column":4}},"17":{"start":{"line":55,"column":4},"end":{"line":114,"column":5}},"18":{"start":{"line":56,"column":37},"end":{"line":56,"column":43}},"19":{"start":{"line":57,"column":33},"end":{"line":57,"column":39}},"20":{"start":{"line":59,"column":22},"end":{"line":70,"column":8}},"21":{"start":{"line":72,"column":33},"end":{"line":72,"column":35}},"22":{"start":{"line":74,"column":6},"end":{"line":77,"column":7}},"23":{"start":{"line":75,"column":8},"end":{"line":75,"column":52}},"24":{"start":{"line":76,"column":8},"end":{"line":76,"column":41}},"25":{"start":{"line":79,"column":6},"end":{"line":83,"column":8}},"26":{"start":{"line":85,"column":6},"end":{"line":88,"column":7}},"27":{"start":{"line":86,"column":8},"end":{"line":86,"column":31}},"28":{"start":{"line":87,"column":8},"end":{"line":87,"column":53}},"29":{"start":{"line":90,"column":6},"end":{"line":93,"column":7}},"30":{"start":{"line":91,"column":8},"end":{"line":91,"column":52}},"31":{"start":{"line":92,"column":8},"end":{"line":92,"column":54}},"32":{"start":{"line":95,"column":21},"end":{"line":95,"column":70}},"33":{"start":{"line":97,"column":6},"end":{"line":102,"column":7}},"34":{"start":{"line":98,"column":8},"end":{"line":101,"column":11}},"35":{"start":{"line":104,"column":6},"end":{"line":104,"column":25}},"36":{"start":{"line":106,"column":6},"end":{"line":106,"column":51}},"37":{"start":{"line":107,"column":6},"end":{"line":109,"column":7}},"38":{"start":{"line":108,"column":8},"end":{"line":108,"column":18}},"39":{"start":{"line":110,"column":6},"end":{"line":113,"column":9}},"40":{"start":{"line":13,"column":4},"end":{"line":13,"column":49}},"41":{"start":{"line":9,"column":6},"end":{"line":116,"column":null}},"42":{"start":{"line":118,"column":0},"end":{"line":118,"column":32}}},"fnMap":{"0":{"name":"(anonymous_3)","decl":{"start":{"line":12,"column":2},"end":{"line":12,"column":null}},"loc":{"start":{"line":12,"column":2},"end":{"line":14,"column":3}}},"1":{"name":"(anonymous_4)","decl":{"start":{"line":16,"column":18},"end":{"line":16,"column":23}},"loc":{"start":{"line":16,"column":67},"end":{"line":52,"column":3}}},"2":{"name":"(anonymous_5)","decl":{"start":{"line":54,"column":15},"end":{"line":54,"column":20}},"loc":{"start":{"line":54,"column":70},"end":{"line":115,"column":3}}}},"branchMap":{"0":{"loc":{"start":{"line":34,"column":6},"end":{"line":39,"column":7}},"type":"if","locations":[{"start":{"line":34,"column":6},"end":{"line":39,"column":7}}]},"1":{"loc":{"start":{"line":44,"column":6},"end":{"line":46,"column":7}},"type":"if","locations":[{"start":{"line":44,"column":6},"end":{"line":46,"column":7}}]},"2":{"loc":{"start":{"line":74,"column":6},"end":{"line":77,"column":7}},"type":"if","locations":[{"start":{"line":74,"column":6},"end":{"line":77,"column":7}}]},"3":{"loc":{"start":{"line":85,"column":6},"end":{"line":88,"column":7}},"type":"if","locations":[{"start":{"line":85,"column":6},"end":{"line":88,"column":7}}]},"4":{"loc":{"start":{"line":90,"column":6},"end":{"line":93,"column":7}},"type":"if","locations":[{"start":{"line":90,"column":6},"end":{"line":93,"column":7}}]},"5":{"loc":{"start":{"line":91,"column":39},"end":{"line":91,"column":49}},"type":"binary-expr","locations":[{"start":{"line":91,"column":39},"end":{"line":91,"column":43}},{"start":{"line":91,"column":47},"end":{"line":91,"column":49}}]},"6":{"loc":{"start":{"line":97,"column":6},"end":{"line":102,"column":7}},"type":"if","locations":[{"start":{"line":97,"column":6},"end":{"line":102,"column":7}}]},"7":{"loc":{"start":{"line":107,"column":6},"end":{"line":109,"column":7}},"type":"if","locations":[{"start":{"line":107,"column":6},"end":{"line":109,"column":7}}]}},"s":{"0":3,"1":3,"2":3,"3":3,"4":3,"5":3,"6":1,"7":1,"8":1,"9":1,"10":0,"11":1,"12":0,"13":0,"14":0,"15":0,"16":3,"17":1,"18":1,"19":1,"20":1,"21":1,"22":1,"23":1,"24":1,"25":1,"26":1,"27":1,"28":1,"29":1,"30":1,"31":1,"32":1,"33":1,"34":0,"35":1,"36":0,"37":0,"38":0,"39":0,"40":3,"41":3,"42":3},"f":{"0":3,"1":1,"2":1},"b":{"0":[0],"1":[0],"2":[1],"3":[1],"4":[1],"5":[1,0],"6":[0],"7":[0]}}
,"C:\\Users\\Павел\\Desktop\\homeworks_backend\\29082024\\Hospital-Appointment-Scheduler\\src\\dal\\seeds\\index.ts": {"path":"C:\\Users\\Павел\\Desktop\\homeworks_backend\\29082024\\Hospital-Appointment-Scheduler\\src\\dal\\seeds\\index.ts","statementMap":{"0":{"start":{"line":1,"column":0},"end":{"line":1,"column":42}},"1":{"start":{"line":2,"column":0},"end":{"line":2,"column":49}},"2":{"start":{"line":3,"column":0},"end":{"line":3,"column":26}},"3":{"start":{"line":4,"column":0},"end":{"line":4,"column":30}},"4":{"start":{"line":6,"column":17},"end":{"line":6,"column":45}},"5":{"start":{"line":8,"column":31},"end":{"line":59,"column":1}},"6":{"start":{"line":15,"column":16},"end":{"line":15,"column":48}},"7":{"start":{"line":16,"column":14},"end":{"line":16,"column":44}},"8":{"start":{"line":18,"column":20},"end":{"line":18,"column":22}},"9":{"start":{"line":19,"column":2},"end":{"line":33,"column":3}},"10":{"start":{"line":20,"column":24},"end":{"line":20,"column":62}},"11":{"start":{"line":21,"column":4},"end":{"line":21,"column":33}},"12":{"start":{"line":21,"column":27},"end":{"line":21,"column":33}},"13":{"start":{"line":23,"column":4},"end":{"line":30,"column":7}},"14":{"start":{"line":32,"column":4},"end":{"line":32,"column":48}},"15":{"start":{"line":35,"column":20},"end":{"line":38,"column":4}},"16":{"start":{"line":40,"column":2},"end":{"line":58,"column":3}},"17":{"start":{"line":41,"column":4},"end":{"line":51,"column":5}},"18":{"start":{"line":42,"column":21},"end":{"line":49,"column":8}},"19":{"start":{"line":50,"column":6},"end":{"line":50,"column":46}},"20":{"start":{"line":52,"column":4},"end":{"line":54,"column":6}},"21":{"start":{"line":56,"column":4},"end":{"line":56,"column":79}},"22":{"start":{"line":57,"column":4},"end":{"line":57,"column":14}},"23":{"start":{"line":61,"column":29},"end":{"line":134,"column":1}},"24":{"start":{"line":62,"column":21},"end":{"line":62,"column":22}},"25":{"start":{"line":63,"column":16},"end":{"line":63,"column":26}},"26":{"start":{"line":64,"column":20},"end":{"line":64,"column":22}},"27":{"start":{"line":66,"column":2},"end":{"line":103,"column":3}},"28":{"start":{"line":66,"column":15},"end":{"line":66,"column":16}},"29":{"start":{"line":67,"column":26},"end":{"line":67,"column":41}},"30":{"start":{"line":68,"column":4},"end":{"line":68,"column":47}},"31":{"start":{"line":69,"column":22},"end":{"line":69,"column":44}},"32":{"start":{"line":71,"column":4},"end":{"line":73,"column":5}},"33":{"start":{"line":72,"column":6},"end":{"line":72,"column":15}},"34":{"start":{"line":78,"column":4},"end":{"line":94,"column":5}},"35":{"start":{"line":79,"column":6},"end":{"line":85,"column":7}},"36":{"start":{"line":80,"column":8},"end":{"line":80,"column":38}},"37":{"start":{"line":81,"column":8},"end":{"line":81,"column":36}},"38":{"start":{"line":83,"column":8},"end":{"line":83,"column":38}},"39":{"start":{"line":84,"column":8},"end":{"line":84,"column":36}},"40":{"start":{"line":87,"column":6},"end":{"line":93,"column":7}},"41":{"start":{"line":88,"column":8},"end":{"line":88,"column":38}},"42":{"start":{"line":89,"column":8},"end":{"line":89,"column":36}},"43":{"start":{"line":91,"column":8},"end":{"line":91,"column":38}},"44":{"start":{"line":92,"column":8},"end":{"line":92,"column":36}},"45":{"start":{"line":96,"column":4},"end":{"line":102,"column":7}},"46":{"start":{"line":105,"column":20},"end":{"line":109,"column":4}},"47":{"start":{"line":111,"column":2},"end":{"line":133,"column":3}},"48":{"start":{"line":112,"column":4},"end":{"line":128,"column":5}},"49":{"start":{"line":113,"column":21},"end":{"line":118,"column":8}},"50":{"start":{"line":119,"column":21},"end":{"line":119,"column":60}},"51":{"start":{"line":120,"column":25},"end":{"line":120,"column":42}},"52":{"start":{"line":121,"column":6},"end":{"line":127,"column":8}},"53":{"start":{"line":129,"column":4},"end":{"line":129,"column":76}},"54":{"start":{"line":131,"column":4},"end":{"line":131,"column":78}},"55":{"start":{"line":132,"column":4},"end":{"line":132,"column":14}},"56":{"start":{"line":136,"column":30},"end":{"line":198,"column":1}},"57":{"start":{"line":137,"column":2},"end":{"line":197,"column":3}},"58":{"start":{"line":138,"column":4},"end":{"line":138,"column":48}},"59":{"start":{"line":139,"column":21},"end":{"line":141,"column":6}},"60":{"start":{"line":143,"column":24},"end":{"line":143,"column":45}},"61":{"start":{"line":144,"column":28},"end":{"line":160,"column":6}},"62":{"start":{"line":162,"column":32},"end":{"line":162,"column":34}},"63":{"start":{"line":164,"column":27},"end":{"line":190,"column":6}},"64":{"start":{"line":165,"column":29},"end":{"line":165,"column":76}},"65":{"start":{"line":166,"column":27},"end":{"line":168,"column":null}},"66":{"start":{"line":171,"column":24},"end":{"line":175,"column":8}},"67":{"start":{"line":177,"column":21},"end":{"line":185,"column":8}},"68":{"start":{"line":187,"column":6},"end":{"line":189,"column":9}},"69":{"start":{"line":188,"column":8},"end":{"line":188,"column":39}},"70":{"start":{"line":191,"column":4},"end":{"line":191,"column":38}},"71":{"start":{"line":192,"column":4},"end":{"line":194,"column":5}},"72":{"start":{"line":193,"column":6},"end":{"line":193,"column":43}},"73":{"start":{"line":196,"column":4},"end":{"line":196,"column":21}},"74":{"start":{"line":200,"column":28},"end":{"line":232,"column":1}},"75":{"start":{"line":201,"column":2},"end":{"line":231,"column":3}},"76":{"start":{"line":202,"column":4},"end":{"line":202,"column":34}},"77":{"start":{"line":203,"column":4},"end":{"line":203,"column":39}},"78":{"start":{"line":204,"column":4},"end":{"line":204,"column":34}},"79":{"start":{"line":205,"column":4},"end":{"line":210,"column":7}},"80":{"start":{"line":212,"column":4},"end":{"line":217,"column":7}},"81":{"start":{"line":219,"column":4},"end":{"line":224,"column":7}},"82":{"start":{"line":226,"column":4},"end":{"line":226,"column":35}},"83":{"start":{"line":227,"column":4},"end":{"line":227,"column":48}},"84":{"start":{"line":229,"column":4},"end":{"line":229,"column":37}},"85":{"start":{"line":230,"column":4},"end":{"line":230,"column":52}},"86":{"start":{"line":200,"column":13},"end":{"line":200,"column":28}}},"fnMap":{"0":{"name":"(anonymous_1)","decl":{"start":{"line":8,"column":31},"end":{"line":8,"column":36}},"loc":{"start":{"line":14,"column":4},"end":{"line":59,"column":1}}},"1":{"name":"(anonymous_2)","decl":{"start":{"line":61,"column":29},"end":{"line":61,"column":34}},"loc":{"start":{"line":61,"column":56},"end":{"line":134,"column":1}}},"2":{"name":"(anonymous_3)","decl":{"start":{"line":136,"column":30},"end":{"line":136,"column":35}},"loc":{"start":{"line":136,"column":41},"end":{"line":198,"column":1}}},"3":{"name":"(anonymous_4)","decl":{"start":{"line":164,"column":43},"end":{"line":164,"column":44}},"loc":{"start":{"line":164,"column":72},"end":{"line":190,"column":5}}},"4":{"name":"(anonymous_5)","decl":{"start":{"line":187,"column":52},"end":{"line":187,"column":55}},"loc":{"start":{"line":187,"column":58},"end":{"line":189,"column":7}}},"5":{"name":"(anonymous_6)","decl":{"start":{"line":200,"column":28},"end":{"line":200,"column":33}},"loc":{"start":{"line":200,"column":39},"end":{"line":232,"column":1}}}},"branchMap":{"0":{"loc":{"start":{"line":21,"column":4},"end":{"line":21,"column":33}},"type":"if","locations":[{"start":{"line":21,"column":4},"end":{"line":21,"column":33}}]},"1":{"loc":{"start":{"line":71,"column":4},"end":{"line":73,"column":5}},"type":"if","locations":[{"start":{"line":71,"column":4},"end":{"line":73,"column":5}}]},"2":{"loc":{"start":{"line":71,"column":8},"end":{"line":71,"column":42}},"type":"binary-expr","locations":[{"start":{"line":71,"column":8},"end":{"line":71,"column":23}},{"start":{"line":71,"column":27},"end":{"line":71,"column":42}}]},"3":{"loc":{"start":{"line":78,"column":4},"end":{"line":94,"column":5}},"type":"if","locations":[{"start":{"line":78,"column":4},"end":{"line":94,"column":5}},{"start":{"line":86,"column":11},"end":{"line":94,"column":5}}]},"4":{"loc":{"start":{"line":79,"column":6},"end":{"line":85,"column":7}},"type":"if","locations":[{"start":{"line":79,"column":6},"end":{"line":85,"column":7}},{"start":{"line":82,"column":13},"end":{"line":85,"column":7}}]},"5":{"loc":{"start":{"line":87,"column":6},"end":{"line":93,"column":7}},"type":"if","locations":[{"start":{"line":87,"column":6},"end":{"line":93,"column":7}},{"start":{"line":90,"column":13},"end":{"line":93,"column":7}}]}},"s":{"0":0,"1":0,"2":0,"3":0,"4":0,"5":0,"6":0,"7":0,"8":0,"9":0,"10":0,"11":0,"12":0,"13":0,"14":0,"15":0,"16":0,"17":0,"18":0,"19":0,"20":0,"21":0,"22":0,"23":0,"24":0,"25":0,"26":0,"27":0,"28":0,"29":0,"30":0,"31":0,"32":0,"33":0,"34":0,"35":0,"36":0,"37":0,"38":0,"39":0,"40":0,"41":0,"42":0,"43":0,"44":0,"45":0,"46":0,"47":0,"48":0,"49":0,"50":0,"51":0,"52":0,"53":0,"54":0,"55":0,"56":0,"57":0,"58":0,"59":0,"60":0,"61":0,"62":0,"63":0,"64":0,"65":0,"66":0,"67":0,"68":0,"69":0,"70":0,"71":0,"72":0,"73":0,"74":0,"75":0,"76":0,"77":0,"78":0,"79":0,"80":0,"81":0,"82":0,"83":0,"84":0,"85":0,"86":0},"f":{"0":0,"1":0,"2":0,"3":0,"4":0,"5":0},"b":{"0":[0],"1":[0],"2":[0,0],"3":[0,0],"4":[0,0],"5":[0,0]}}
,"C:\\Users\\Павел\\Desktop\\homeworks_backend\\29082024\\Hospital-Appointment-Scheduler\\src\\dal\\tables\\appointments.ts": {"path":"C:\\Users\\Павел\\Desktop\\homeworks_backend\\29082024\\Hospital-Appointment-Scheduler\\src\\dal\\tables\\appointments.ts","statementMap":{"0":{"start":{"line":1,"column":13},"end":{"line":15,"column":2}},"1":{"start":{"line":17,"column":13},"end":{"line":22,"column":2}},"2":{"start":{"line":24,"column":13},"end":{"line":26,"column":2}}},"fnMap":{},"branchMap":{},"s":{"0":0,"1":0,"2":0},"f":{},"b":{}}
,"C:\\Users\\Павел\\Desktop\\homeworks_backend\\29082024\\Hospital-Appointment-Scheduler\\src\\dal\\tables\\doctors.ts": {"path":"C:\\Users\\Павел\\Desktop\\homeworks_backend\\29082024\\Hospital-Appointment-Scheduler\\src\\dal\\tables\\doctors.ts","statementMap":{"0":{"start":{"line":1,"column":13},"end":{"line":14,"column":2}},"1":{"start":{"line":16,"column":13},"end":{"line":21,"column":2}},"2":{"start":{"line":23,"column":13},"end":{"line":25,"column":2}}},"fnMap":{},"branchMap":{},"s":{"0":0,"1":0,"2":0},"f":{},"b":{}}
,"C:\\Users\\Павел\\Desktop\\homeworks_backend\\29082024\\Hospital-Appointment-Scheduler\\src\\dal\\tables\\index.ts": {"path":"C:\\Users\\Павел\\Desktop\\homeworks_backend\\29082024\\Hospital-Appointment-Scheduler\\src\\dal\\tables\\index.ts","statementMap":{"0":{"start":{"line":47,"column":0},"end":{"line":47,"column":7}},"1":{"start":{"line":79,"column":0},"end":{"line":79,"column":7}},"2":{"start":{"line":1,"column":0},"end":{"line":1,"column":42}},"3":{"start":{"line":2,"column":0},"end":{"line":2,"column":49}},"4":{"start":{"line":3,"column":0},"end":{"line":3,"column":null}},"5":{"start":{"line":8,"column":0},"end":{"line":8,"column":null}},"6":{"start":{"line":13,"column":0},"end":{"line":13,"column":null}},"7":{"start":{"line":18,"column":0},"end":{"line":18,"column":null}},"8":{"start":{"line":23,"column":0},"end":{"line":23,"column":null}},"9":{"start":{"line":28,"column":0},"end":{"line":28,"column":null}},"10":{"start":{"line":35,"column":17},"end":{"line":35,"column":45}},"11":{"start":{"line":37,"column":39},"end":{"line":45,"column":2}},"12":{"start":{"line":48,"column":2},"end":{"line":76,"column":3}},"13":{"start":{"line":50,"column":4},"end":{"line":50,"column":43}},"14":{"start":{"line":51,"column":4},"end":{"line":51,"column":44}},"15":{"start":{"line":52,"column":4},"end":{"line":52,"column":48}},"16":{"start":{"line":53,"column":4},"end":{"line":53,"column":48}},"17":{"start":{"line":54,"column":4},"end":{"line":54,"column":45}},"18":{"start":{"line":55,"column":4},"end":{"line":55,"column":49}},"19":{"start":{"line":57,"column":4},"end":{"line":57,"column":46}},"20":{"start":{"line":58,"column":4},"end":{"line":58,"column":45}},"21":{"start":{"line":59,"column":4},"end":{"line":59,"column":50}},"22":{"start":{"line":60,"column":4},"end":{"line":60,"column":47}},"23":{"start":{"line":61,"column":4},"end":{"line":61,"column":50}},"24":{"start":{"line":62,"column":4},"end":{"line":62,"column":51}},"25":{"start":{"line":64,"column":4},"end":{"line":64,"column":57}},"26":{"start":{"line":65,"column":4},"end":{"line":65,"column":57}},"27":{"start":{"line":66,"column":4},"end":{"line":66,"column":56}},"28":{"start":{"line":67,"column":4},"end":{"line":67,"column":61}},"29":{"start":{"line":68,"column":4},"end":{"line":68,"column":58}},"30":{"start":{"line":69,"column":4},"end":{"line":69,"column":56}},"31":{"start":{"line":70,"column":4},"end":{"line":70,"column":62}},"32":{"start":{"line":71,"column":4},"end":{"line":71,"column":61}},"33":{"start":{"line":73,"column":4},"end":{"line":73,"column":47}},"34":{"start":{"line":75,"column":4},"end":{"line":75,"column":53}},"35":{"start":{"line":80,"column":2},"end":{"line":101,"column":3}},"36":{"start":{"line":81,"column":19},"end":{"line":94,"column":6}},"37":{"start":{"line":97,"column":4},"end":{"line":97,"column":33}},"38":{"start":{"line":99,"column":4},"end":{"line":99,"column":62}},"39":{"start":{"line":100,"column":4},"end":{"line":100,"column":14}}},"fnMap":{"0":{"name":"main","decl":{"start":{"line":47,"column":22},"end":{"line":47,"column":26}},"loc":{"start":{"line":47,"column":26},"end":{"line":77,"column":1}}},"1":{"name":"checkIfTablesExist","decl":{"start":{"line":79,"column":22},"end":{"line":79,"column":40}},"loc":{"start":{"line":79,"column":40},"end":{"line":102,"column":1}}}},"branchMap":{},"s":{"0":0,"1":0,"2":0,"3":0,"4":0,"5":0,"6":0,"7":0,"8":0,"9":0,"10":0,"11":0,"12":0,"13":0,"14":0,"15":0,"16":0,"17":0,"18":0,"19":0,"20":0,"21":0,"22":0,"23":0,"24":0,"25":0,"26":0,"27":0,"28":0,"29":0,"30":0,"31":0,"32":0,"33":0,"34":0,"35":0,"36":0,"37":0,"38":0,"39":0},"f":{"0":0,"1":0},"b":{}}
,"C:\\Users\\Павел\\Desktop\\homeworks_backend\\29082024\\Hospital-Appointment-Scheduler\\src\\dal\\tables\\medicalCard.ts": {"path":"C:\\Users\\Павел\\Desktop\\homeworks_backend\\29082024\\Hospital-Appointment-Scheduler\\src\\dal\\tables\\medicalCard.ts","statementMap":{"0":{"start":{"line":1,"column":13},"end":{"line":13,"column":2}},"1":{"start":{"line":15,"column":13},"end":{"line":20,"column":2}},"2":{"start":{"line":22,"column":13},"end":{"line":24,"column":2}}},"fnMap":{},"branchMap":{},"s":{"0":0,"1":0,"2":0},"f":{},"b":{}}
,"C:\\Users\\Павел\\Desktop\\homeworks_backend\\29082024\\Hospital-Appointment-Scheduler\\src\\dal\\tables\\patients.ts": {"path":"C:\\Users\\Павел\\Desktop\\homeworks_backend\\29082024\\Hospital-Appointment-Scheduler\\src\\dal\\tables\\patients.ts","statementMap":{"0":{"start":{"line":1,"column":13},"end":{"line":16,"column":2}},"1":{"start":{"line":18,"column":13},"end":{"line":23,"column":2}},"2":{"start":{"line":25,"column":13},"end":{"line":27,"column":2}}},"fnMap":{},"branchMap":{},"s":{"0":0,"1":0,"2":0},"f":{},"b":{}}
,"C:\\Users\\Павел\\Desktop\\homeworks_backend\\29082024\\Hospital-Appointment-Scheduler\\src\\dal\\tables\\schedule.ts": {"path":"C:\\Users\\Павел\\Desktop\\homeworks_backend\\29082024\\Hospital-Appointment-Scheduler\\src\\dal\\tables\\schedule.ts","statementMap":{"0":{"start":{"line":1,"column":13},"end":{"line":10,"column":2}},"1":{"start":{"line":12,"column":13},"end":{"line":17,"column":2}},"2":{"start":{"line":19,"column":13},"end":{"line":21,"column":2}}},"fnMap":{},"branchMap":{},"s":{"0":0,"1":0,"2":0},"f":{},"b":{}}
,"C:\\Users\\Павел\\Desktop\\homeworks_backend\\29082024\\Hospital-Appointment-Scheduler\\src\\dal\\tables\\schedules_time.ts": {"path":"C:\\Users\\Павел\\Desktop\\homeworks_backend\\29082024\\Hospital-Appointment-Scheduler\\src\\dal\\tables\\schedules_time.ts","statementMap":{"0":{"start":{"line":1,"column":13},"end":{"line":14,"column":2}},"1":{"start":{"line":16,"column":13},"end":{"line":24,"column":2}},"2":{"start":{"line":26,"column":13},"end":{"line":31,"column":2}},"3":{"start":{"line":33,"column":13},"end":{"line":35,"column":2}}},"fnMap":{},"branchMap":{},"s":{"0":0,"1":0,"2":0,"3":0},"f":{},"b":{}}
,"C:\\Users\\Павел\\Desktop\\homeworks_backend\\29082024\\Hospital-Appointment-Scheduler\\src\\dal\\users\\users.repository.ts": {"path":"C:\\Users\\Павел\\Desktop\\homeworks_backend\\29082024\\Hospital-Appointment-Scheduler\\src\\dal\\users\\users.repository.ts","statementMap":{"0":{"start":{"line":2,"column":0},"end":{"line":2,"column":33}},"1":{"start":{"line":3,"column":0},"end":{"line":3,"column":42}},"2":{"start":{"line":4,"column":0},"end":{"line":4,"column":49}},"3":{"start":{"line":5,"column":0},"end":{"line":5,"column":72}},"4":{"start":{"line":7,"column":0},"end":{"line":64,"column":null}},"5":{"start":{"line":9,"column":22},"end":{"line":9,"column":33}},"6":{"start":{"line":11,"column":2},"end":{"line":33,"column":4}},"7":{"start":{"line":12,"column":22},"end":{"line":16,"column":6}},"8":{"start":{"line":17,"column":19},"end":{"line":17,"column":26}},"9":{"start":{"line":19,"column":4},"end":{"line":32,"column":5}},"10":{"start":{"line":20,"column":21},"end":{"line":20,"column":65}},"11":{"start":{"line":21,"column":6},"end":{"line":25,"column":7}},"12":{"start":{"line":22,"column":8},"end":{"line":22,"column":30}},"13":{"start":{"line":24,"column":8},"end":{"line":24,"column":20}},"14":{"start":{"line":27,"column":6},"end":{"line":27,"column":51}},"15":{"start":{"line":28,"column":6},"end":{"line":31,"column":9}},"16":{"start":{"line":35,"column":2},"end":{"line":63,"column":4}},"17":{"start":{"line":36,"column":22},"end":{"line":40,"column":6}},"18":{"start":{"line":41,"column":19},"end":{"line":51,"column":6}},"19":{"start":{"line":53,"column":4},"end":{"line":62,"column":5}},"20":{"start":{"line":54,"column":21},"end":{"line":54,"column":65}},"21":{"start":{"line":55,"column":6},"end":{"line":55,"column":28}},"22":{"start":{"line":57,"column":6},"end":{"line":57,"column":49}},"23":{"start":{"line":58,"column":6},"end":{"line":61,"column":9}},"24":{"start":{"line":8,"column":6},"end":{"line":64,"column":null}},"25":{"start":{"line":66,"column":0},"end":{"line":66,"column":31}}},"fnMap":{"0":{"name":"(anonymous_3)","decl":{"start":{"line":9,"column":2},"end":{"line":9,"column":22}},"loc":{"start":{"line":9,"column":61},"end":{"line":9,"column":65}}},"1":{"name":"(anonymous_4)","decl":{"start":{"line":11,"column":15},"end":{"line":11,"column":20}},"loc":{"start":{"line":11,"column":72},"end":{"line":33,"column":3}}},"2":{"name":"(anonymous_5)","decl":{"start":{"line":35,"column":16},"end":{"line":35,"column":21}},"loc":{"start":{"line":35,"column":63},"end":{"line":63,"column":3}}}},"branchMap":{"0":{"loc":{"start":{"line":9,"column":22},"end":{"line":9,"column":61}},"type":"default-arg","locations":[{"start":{"line":9,"column":33},"end":{"line":9,"column":61}}]},"1":{"loc":{"start":{"line":21,"column":6},"end":{"line":25,"column":7}},"type":"if","locations":[{"start":{"line":21,"column":6},"end":{"line":25,"column":7}},{"start":{"line":23,"column":13},"end":{"line":25,"column":7}}]}},"s":{"0":3,"1":3,"2":3,"3":3,"4":3,"5":6,"6":6,"7":3,"8":3,"9":3,"10":3,"11":2,"12":1,"13":1,"14":1,"15":1,"16":6,"17":2,"18":2,"19":2,"20":2,"21":1,"22":1,"23":1,"24":3,"25":3},"f":{"0":6,"1":3,"2":2},"b":{"0":[1],"1":[1,1]}}
,"C:\\Users\\Павел\\Desktop\\homeworks_backend\\29082024\\Hospital-Appointment-Scheduler\\src\\server\\app.ts": {"path":"C:\\Users\\Павел\\Desktop\\homeworks_backend\\29082024\\Hospital-Appointment-Scheduler\\src\\server\\app.ts","statementMap":{"0":{"start":{"line":1,"column":0},"end":{"line":1,"column":30}},"1":{"start":{"line":2,"column":0},"end":{"line":2,"column":44}},"2":{"start":{"line":3,"column":0},"end":{"line":3,"column":38}},"3":{"start":{"line":4,"column":0},"end":{"line":4,"column":49}},"4":{"start":{"line":5,"column":0},"end":{"line":5,"column":47}},"5":{"start":{"line":7,"column":21},"end":{"line":16,"column":1}},"6":{"start":{"line":12,"column":2},"end":{"line":14,"column":3}},"7":{"start":{"line":13,"column":4},"end":{"line":13,"column":29}},"8":{"start":{"line":15,"column":2},"end":{"line":15,"column":9}},"9":{"start":{"line":24,"column":4},"end":{"line":24,"column":25}},"10":{"start":{"line":25,"column":4},"end":{"line":25,"column":21}},"11":{"start":{"line":26,"column":4},"end":{"line":26,"column":21}},"12":{"start":{"line":27,"column":4},"end":{"line":27,"column":33}},"13":{"start":{"line":28,"column":4},"end":{"line":28,"column":34}},"14":{"start":{"line":29,"column":4},"end":{"line":29,"column":33}},"15":{"start":{"line":30,"column":4},"end":{"line":30,"column":23}},"16":{"start":{"line":34,"column":4},"end":{"line":34,"column":43}},"17":{"start":{"line":35,"column":4},"end":{"line":42,"column":6}},"18":{"start":{"line":43,"column":4},"end":{"line":43,"column":31}},"19":{"start":{"line":44,"column":4},"end":{"line":44,"column":31}},"20":{"start":{"line":45,"column":4},"end":{"line":45,"column":29}},"21":{"start":{"line":49,"column":4},"end":{"line":49,"column":30}},"22":{"start":{"line":53,"column":4},"end":{"line":55,"column":7}},"23":{"start":{"line":54,"column":6},"end":{"line":54,"column":32}},"24":{"start":{"line":57,"column":4},"end":{"line":59,"column":7}},"25":{"start":{"line":58,"column":6},"end":{"line":58,"column":64}},"26":{"start":{"line":63,"column":4},"end":{"line":65,"column":7}},"27":{"start":{"line":64,"column":6},"end":{"line":64,"column":71}},"28":{"start":{"line":69,"column":4},"end":{"line":71,"column":5}},"29":{"start":{"line":70,"column":6},"end":{"line":70,"column":26}},"30":{"start":{"line":75,"column":0},"end":{"line":75,"column":19}}},"fnMap":{"0":{"name":"(anonymous_1)","decl":{"start":{"line":7,"column":21},"end":{"line":7,"column":null}},"loc":{"start":{"line":11,"column":4},"end":{"line":16,"column":1}}},"1":{"name":"(anonymous_2)","decl":{"start":{"line":23,"column":2},"end":{"line":23,"column":14}},"loc":{"start":{"line":23,"column":65},"end":{"line":31,"column":3}}},"2":{"name":"(anonymous_3)","decl":{"start":{"line":33,"column":10},"end":{"line":33,"column":31}},"loc":{"start":{"line":33,"column":31},"end":{"line":46,"column":3}}},"3":{"name":"(anonymous_4)","decl":{"start":{"line":48,"column":10},"end":{"line":48,"column":31}},"loc":{"start":{"line":48,"column":31},"end":{"line":50,"column":3}}},"4":{"name":"(anonymous_5)","decl":{"start":{"line":52,"column":10},"end":{"line":52,"column":21}},"loc":{"start":{"line":52,"column":45},"end":{"line":60,"column":3}}},"5":{"name":"(anonymous_6)","decl":{"start":{"line":53,"column":22},"end":{"line":53,"column":23}},"loc":{"start":{"line":53,"column":35},"end":{"line":55,"column":5}}},"6":{"name":"(anonymous_7)","decl":{"start":{"line":57,"column":24},"end":{"line":57,"column":34}},"loc":{"start":{"line":57,"column":37},"end":{"line":59,"column":5}}},"7":{"name":"(anonymous_8)","decl":{"start":{"line":62,"column":9},"end":{"line":62,"column":15}},"loc":{"start":{"line":62,"column":15},"end":{"line":66,"column":3}}},"8":{"name":"(anonymous_9)","decl":{"start":{"line":63,"column":56},"end":{"line":63,"column":59}},"loc":{"start":{"line":63,"column":61},"end":{"line":65,"column":5}}},"9":{"name":"(anonymous_10)","decl":{"start":{"line":67,"column":9},"end":{"line":67,"column":14}},"loc":{"start":{"line":67,"column":20},"end":{"line":72,"column":3}}}},"branchMap":{"0":{"loc":{"start":{"line":12,"column":2},"end":{"line":14,"column":3}},"type":"if","locations":[{"start":{"line":12,"column":2},"end":{"line":14,"column":3}}]},"1":{"loc":{"start":{"line":69,"column":4},"end":{"line":71,"column":5}},"type":"if","locations":[{"start":{"line":69,"column":4},"end":{"line":71,"column":5}}]}},"s":{"0":2,"1":2,"2":2,"3":2,"4":2,"5":2,"6":3,"7":3,"8":3,"9":2,"10":2,"11":2,"12":2,"13":2,"14":2,"15":2,"16":2,"17":2,"18":2,"19":2,"20":2,"21":2,"22":2,"23":2,"24":2,"25":5,"26":1,"27":1,"28":1,"29":1,"30":2},"f":{"0":3,"1":2,"2":2,"3":2,"4":2,"5":2,"6":5,"7":1,"8":1,"9":1},"b":{"0":[3],"1":[1]}}
,"C:\\Users\\Павел\\Desktop\\homeworks_backend\\29082024\\Hospital-Appointment-Scheduler\\src\\server\\appointment\\appointment.controller.ts": {"path":"C:\\Users\\Павел\\Desktop\\homeworks_backend\\29082024\\Hospital-Appointment-Scheduler\\src\\server\\appointment\\appointment.controller.ts","statementMap":{"0":{"start":{"line":1,"column":0},"end":{"line":1,"column":79}},"1":{"start":{"line":2,"column":0},"end":{"line":2,"column":33}},"2":{"start":{"line":3,"column":0},"end":{"line":3,"column":30}},"3":{"start":{"line":4,"column":0},"end":{"line":4,"column":78}},"4":{"start":{"line":5,"column":0},"end":{"line":5,"column":77}},"5":{"start":{"line":8,"column":0},"end":{"line":88,"column":null}},"6":{"start":{"line":13,"column":22},"end":{"line":13,"column":43}},"7":{"start":{"line":10,"column":9},"end":{"line":10,"column":32}},"8":{"start":{"line":11,"column":9},"end":{"line":11,"column":35}},"9":{"start":{"line":29,"column":2},"end":{"line":42,"column":4}},"10":{"start":{"line":33,"column":4},"end":{"line":41,"column":5}},"11":{"start":{"line":34,"column":32},"end":{"line":34,"column":49}},"12":{"start":{"line":36,"column":8},"end":{"line":36,"column":65}},"13":{"start":{"line":37,"column":6},"end":{"line":37,"column":46}},"14":{"start":{"line":39,"column":6},"end":{"line":39,"column":56}},"15":{"start":{"line":40,"column":6},"end":{"line":40,"column":56}},"16":{"start":{"line":44,"column":2},"end":{"line":57,"column":4}},"17":{"start":{"line":48,"column":4},"end":{"line":56,"column":5}},"18":{"start":{"line":49,"column":36},"end":{"line":49,"column":53}},"19":{"start":{"line":51,"column":8},"end":{"line":51,"column":71}},"20":{"start":{"line":52,"column":6},"end":{"line":52,"column":45}},"21":{"start":{"line":54,"column":6},"end":{"line":54,"column":56}},"22":{"start":{"line":55,"column":6},"end":{"line":55,"column":56}},"23":{"start":{"line":59,"column":2},"end":{"line":72,"column":4}},"24":{"start":{"line":63,"column":4},"end":{"line":71,"column":5}},"25":{"start":{"line":64,"column":39},"end":{"line":64,"column":51}},"26":{"start":{"line":66,"column":8},"end":{"line":66,"column":69}},"27":{"start":{"line":67,"column":6},"end":{"line":67,"column":52}},"28":{"start":{"line":69,"column":6},"end":{"line":69,"column":56}},"29":{"start":{"line":70,"column":6},"end":{"line":70,"column":56}},"30":{"start":{"line":74,"column":2},"end":{"line":87,"column":4}},"31":{"start":{"line":78,"column":4},"end":{"line":86,"column":5}},"32":{"start":{"line":79,"column":39},"end":{"line":79,"column":51}},"33":{"start":{"line":81,"column":8},"end":{"line":81,"column":69}},"34":{"start":{"line":82,"column":6},"end":{"line":82,"column":48}},"35":{"start":{"line":84,"column":6},"end":{"line":84,"column":56}},"36":{"start":{"line":85,"column":6},"end":{"line":85,"column":56}},"37":{"start":{"line":14,"column":4},"end":{"line":14,"column":28}},"38":{"start":{"line":18,"column":4},"end":{"line":18,"column":67}},"39":{"start":{"line":19,"column":4},"end":{"line":19,"column":67}},"40":{"start":{"line":20,"column":4},"end":{"line":20,"column":69}},"41":{"start":{"line":21,"column":4},"end":{"line":26,"column":6}},"42":{"start":{"line":9,"column":6},"end":{"line":88,"column":null}},"43":{"start":{"line":90,"column":0},"end":{"line":90,"column":37}}},"fnMap":{"0":{"name":"(anonymous_3)","decl":{"start":{"line":13,"column":2},"end":{"line":13,"column":22}},"loc":{"start":{"line":13,"column":62},"end":{"line":15,"column":3}}},"1":{"name":"(anonymous_4)","decl":{"start":{"line":29,"column":20},"end":{"line":29,"column":25}},"loc":{"start":{"line":32,"column":21},"end":{"line":42,"column":3}}},"2":{"name":"(anonymous_5)","decl":{"start":{"line":44,"column":22},"end":{"line":44,"column":27}},"loc":{"start":{"line":47,"column":6},"end":{"line":57,"column":3}}},"3":{"name":"(anonymous_6)","decl":{"start":{"line":59,"column":22},"end":{"line":59,"column":27}},"loc":{"start":{"line":62,"column":21},"end":{"line":72,"column":3}}},"4":{"name":"(anonymous_7)","decl":{"start":{"line":74,"column":22},"end":{"line":74,"column":27}},"loc":{"start":{"line":77,"column":21},"end":{"line":87,"column":3}}},"5":{"name":"(anonymous_8)","decl":{"start":{"line":17,"column":9},"end":{"line":17,"column":25}},"loc":{"start":{"line":17,"column":25},"end":{"line":27,"column":3}}}},"branchMap":{},"s":{"0":2,"1":2,"2":2,"3":2,"4":2,"5":2,"6":2,"7":2,"8":2,"9":2,"10":1,"11":1,"12":1,"13":1,"14":0,"15":0,"16":2,"17":1,"18":1,"19":1,"20":1,"21":0,"22":0,"23":2,"24":1,"25":1,"26":1,"27":1,"28":0,"29":0,"30":2,"31":1,"32":1,"33":1,"34":1,"35":0,"36":0,"37":2,"38":2,"39":2,"40":2,"41":2,"42":2,"43":2},"f":{"0":2,"1":1,"2":1,"3":1,"4":1,"5":2},"b":{}}
,"C:\\Users\\Павел\\Desktop\\homeworks_backend\\29082024\\Hospital-Appointment-Scheduler\\src\\server\\auth\\auth.controller.ts": {"path":"C:\\Users\\Павел\\Desktop\\homeworks_backend\\29082024\\Hospital-Appointment-Scheduler\\src\\server\\auth\\auth.controller.ts","statementMap":{"0":{"start":{"line":1,"column":0},"end":{"line":1,"column":60}},"1":{"start":{"line":2,"column":0},"end":{"line":2,"column":30}},"2":{"start":{"line":3,"column":0},"end":{"line":3,"column":33}},"3":{"start":{"line":4,"column":0},"end":{"line":4,"column":30}},"4":{"start":{"line":5,"column":0},"end":{"line":5,"column":33}},"5":{"start":{"line":7,"column":0},"end":{"line":7,"column":43}},"6":{"start":{"line":9,"column":0},"end":{"line":9,"column":62}},"7":{"start":{"line":11,"column":0},"end":{"line":263,"column":null}},"8":{"start":{"line":23,"column":22},"end":{"line":23,"column":36}},"9":{"start":{"line":13,"column":10},"end":{"line":16,"column":4}},"10":{"start":{"line":17,"column":10},"end":{"line":17,"column":52}},"11":{"start":{"line":18,"column":9},"end":{"line":18,"column":24}},"12":{"start":{"line":19,"column":9},"end":{"line":19,"column":35}},"13":{"start":{"line":21,"column":10},"end":{"line":21,"column":52}},"14":{"start":{"line":84,"column":2},"end":{"line":136,"column":4}},"15":{"start":{"line":85,"column":4},"end":{"line":135,"column":5}},"16":{"start":{"line":86,"column":31},"end":{"line":86,"column":43}},"17":{"start":{"line":88,"column":19},"end":{"line":88,"column":64}},"18":{"start":{"line":89,"column":6},"end":{"line":91,"column":7}},"19":{"start":{"line":90,"column":8},"end":{"line":90,"column":77}},"20":{"start":{"line":92,"column":6},"end":{"line":97,"column":7}},"21":{"start":{"line":93,"column":8},"end":{"line":96,"column":11}},"22":{"start":{"line":99,"column":6},"end":{"line":129,"column":7}},"23":{"start":{"line":100,"column":29},"end":{"line":100,"column":53}},"24":{"start":{"line":101,"column":24},"end":{"line":101,"column":69}},"25":{"start":{"line":102,"column":8},"end":{"line":124,"column":9}},"26":{"start":{"line":103,"column":46},"end":{"line":108,"column":12}},"27":{"start":{"line":109,"column":27},"end":{"line":113,"column":null}},"28":{"start":{"line":116,"column":10},"end":{"line":116,"column":53}},"29":{"start":{"line":117,"column":10},"end":{"line":119,"column":13}},"30":{"start":{"line":121,"column":10},"end":{"line":123,"column":13}},"31":{"start":{"line":126,"column":8},"end":{"line":128,"column":11}},"32":{"start":{"line":131,"column":6},"end":{"line":134,"column":9}},"33":{"start":{"line":138,"column":2},"end":{"line":186,"column":4}},"34":{"start":{"line":139,"column":4},"end":{"line":185,"column":5}},"35":{"start":{"line":140,"column":34},"end":{"line":140,"column":46}},"36":{"start":{"line":142,"column":19},"end":{"line":142,"column":64}},"37":{"start":{"line":144,"column":6},"end":{"line":146,"column":7}},"38":{"start":{"line":145,"column":8},"end":{"line":145,"column":77}},"39":{"start":{"line":148,"column":6},"end":{"line":150,"column":7}},"40":{"start":{"line":149,"column":8},"end":{"line":149,"column":55}},"41":{"start":{"line":152,"column":6},"end":{"line":154,"column":7}},"42":{"start":{"line":153,"column":8},"end":{"line":153,"column":47}},"43":{"start":{"line":156,"column":6},"end":{"line":179,"column":7}},"44":{"start":{"line":161,"column":36},"end":{"line":166,"column":10}},"45":{"start":{"line":167,"column":22},"end":{"line":167,"column":78}},"46":{"start":{"line":168,"column":29},"end":{"line":172,"column":null}},"47":{"start":{"line":175,"column":8},"end":{"line":175,"column":48}},"48":{"start":{"line":177,"column":8},"end":{"line":177,"column":29}},"49":{"start":{"line":178,"column":8},"end":{"line":178,"column":75}},"50":{"start":{"line":181,"column":6},"end":{"line":181,"column":62}},"51":{"start":{"line":183,"column":6},"end":{"line":183,"column":51}},"52":{"start":{"line":184,"column":6},"end":{"line":184,"column":64}},"53":{"start":{"line":188,"column":2},"end":{"line":233,"column":4}},"54":{"start":{"line":192,"column":4},"end":{"line":232,"column":5}},"55":{"start":{"line":193,"column":53},"end":{"line":193,"column":65}},"56":{"start":{"line":193,"column":39},"end":{"line":193,"column":44}},"57":{"start":{"line":193,"column":48},"end":{"line":193,"column":53}},"58":{"start":{"line":195,"column":22},"end":{"line":195,"column":67}},"59":{"start":{"line":197,"column":6},"end":{"line":199,"column":7}},"60":{"start":{"line":198,"column":8},"end":{"line":198,"column":77}},"61":{"start":{"line":201,"column":32},"end":{"line":201,"column":63}},"62":{"start":{"line":203,"column":19},"end":{"line":207,"column":null}},"63":{"start":{"line":210,"column":6},"end":{"line":215,"column":7}},"64":{"start":{"line":211,"column":8},"end":{"line":214,"column":11}},"65":{"start":{"line":217,"column":34},"end":{"line":222,"column":8}},"66":{"start":{"line":224,"column":20},"end":{"line":224,"column":76}},"67":{"start":{"line":226,"column":6},"end":{"line":226,"column":27}},"68":{"start":{"line":228,"column":6},"end":{"line":228,"column":52}},"69":{"start":{"line":230,"column":6},"end":{"line":230,"column":51}},"70":{"start":{"line":231,"column":6},"end":{"line":231,"column":64}},"71":{"start":{"line":24,"column":4},"end":{"line":24,"column":28}},"72":{"start":{"line":28,"column":4},"end":{"line":28,"column":46}},"73":{"start":{"line":29,"column":4},"end":{"line":29,"column":52}},"74":{"start":{"line":30,"column":4},"end":{"line":30,"column":50}},"75":{"start":{"line":39,"column":26},"end":{"line":39,"column":70}},"76":{"start":{"line":40,"column":24},"end":{"line":42,"column":null}},"77":{"start":{"line":44,"column":27},"end":{"line":44,"column":79}},"78":{"start":{"line":45,"column":22},"end":{"line":51,"column":26}},"79":{"start":{"line":52,"column":4},"end":{"line":52,"column":61}},"80":{"start":{"line":56,"column":17},"end":{"line":56,"column":54}},"81":{"start":{"line":57,"column":17},"end":{"line":57,"column":37}},"82":{"start":{"line":58,"column":4},"end":{"line":69,"column":5}},"83":{"start":{"line":60,"column":8},"end":{"line":60,"column":20}},"84":{"start":{"line":62,"column":8},"end":{"line":62,"column":25}},"85":{"start":{"line":64,"column":8},"end":{"line":64,"column":30}},"86":{"start":{"line":66,"column":8},"end":{"line":66,"column":35}},"87":{"start":{"line":68,"column":8},"end":{"line":68,"column":53}},"88":{"start":{"line":73,"column":55},"end":{"line":73,"column":71}},"89":{"start":{"line":74,"column":25},"end":{"line":80,"column":26}},"90":{"start":{"line":81,"column":4},"end":{"line":81,"column":38}},"91":{"start":{"line":236,"column":4},"end":{"line":240,"column":27}},"92":{"start":{"line":244,"column":4},"end":{"line":244,"column":64}},"93":{"start":{"line":245,"column":4},"end":{"line":256,"column":5}},"94":{"start":{"line":247,"column":8},"end":{"line":247,"column":14}},"95":{"start":{"line":249,"column":8},"end":{"line":249,"column":26}},"96":{"start":{"line":250,"column":8},"end":{"line":250,"column":14}},"97":{"start":{"line":252,"column":8},"end":{"line":252,"column":25}},"98":{"start":{"line":253,"column":8},"end":{"line":253,"column":14}},"99":{"start":{"line":255,"column":8},"end":{"line":255,"column":53}},"100":{"start":{"line":257,"column":4},"end":{"line":257,"column":55}},"101":{"start":{"line":261,"column":4},"end":{"line":261,"column":52}},"102":{"start":{"line":12,"column":6},"end":{"line":263,"column":null}},"103":{"start":{"line":265,"column":0},"end":{"line":265,"column":30}}},"fnMap":{"0":{"name":"(anonymous_10)","decl":{"start":{"line":23,"column":2},"end":{"line":23,"column":22}},"loc":{"start":{"line":23,"column":48},"end":{"line":25,"column":3}}},"1":{"name":"(anonymous_11)","decl":{"start":{"line":84,"column":15},"end":{"line":84,"column":20}},"loc":{"start":{"line":84,"column":78},"end":{"line":136,"column":3}}},"2":{"name":"(anonymous_12)","decl":{"start":{"line":138,"column":13},"end":{"line":138,"column":18}},"loc":{"start":{"line":138,"column":76},"end":{"line":186,"column":3}}},"3":{"name":"(anonymous_13)","decl":{"start":{"line":188,"column":16},"end":{"line":188,"column":21}},"loc":{"start":{"line":191,"column":6},"end":{"line":233,"column":3}}},"4":{"name":"(anonymous_14)","decl":{"start":{"line":27,"column":9},"end":{"line":27,"column":25}},"loc":{"start":{"line":27,"column":25},"end":{"line":31,"column":3}}},"5":{"name":"(anonymous_15)","decl":{"start":{"line":33,"column":10},"end":{"line":33,"column":19}},"loc":{"start":{"line":37,"column":21},"end":{"line":53,"column":3}}},"6":{"name":"(anonymous_16)","decl":{"start":{"line":55,"column":10},"end":{"line":55,"column":25}},"loc":{"start":{"line":55,"column":44},"end":{"line":70,"column":3}}},"7":{"name":"(anonymous_17)","decl":{"start":{"line":72,"column":2},"end":{"line":72,"column":11}},"loc":{"start":{"line":72,"column":41},"end":{"line":82,"column":3}}},"8":{"name":"(anonymous_18)","decl":{"start":{"line":235,"column":2},"end":{"line":235,"column":17}},"loc":{"start":{"line":235,"column":29},"end":{"line":241,"column":3}}},"9":{"name":"(anonymous_19)","decl":{"start":{"line":243,"column":2},"end":{"line":243,"column":17}},"loc":{"start":{"line":243,"column":35},"end":{"line":258,"column":3}}},"10":{"name":"(anonymous_20)","decl":{"start":{"line":260,"column":10},"end":{"line":260,"column":20}},"loc":{"start":{"line":260,"column":42},"end":{"line":262,"column":3}}}},"branchMap":{"0":{"loc":{"start":{"line":89,"column":6},"end":{"line":91,"column":7}},"type":"if","locations":[{"start":{"line":89,"column":6},"end":{"line":91,"column":7}}]},"1":{"loc":{"start":{"line":92,"column":6},"end":{"line":97,"column":7}},"type":"if","locations":[{"start":{"line":92,"column":6},"end":{"line":97,"column":7}}]},"2":{"loc":{"start":{"line":99,"column":6},"end":{"line":129,"column":7}},"type":"if","locations":[{"start":{"line":99,"column":6},"end":{"line":129,"column":7}},{"start":{"line":125,"column":13},"end":{"line":129,"column":7}}]},"3":{"loc":{"start":{"line":99,"column":10},"end":{"line":99,"column":43}},"type":"binary-expr","locations":[{"start":{"line":99,"column":10},"end":{"line":99,"column":15}},{"start":{"line":99,"column":19},"end":{"line":99,"column":43}}]},"4":{"loc":{"start":{"line":102,"column":8},"end":{"line":124,"column":9}},"type":"if","locations":[{"start":{"line":102,"column":8},"end":{"line":124,"column":9}},{"start":{"line":120,"column":15},"end":{"line":124,"column":9}}]},"5":{"loc":{"start":{"line":144,"column":6},"end":{"line":146,"column":7}},"type":"if","locations":[{"start":{"line":144,"column":6},"end":{"line":146,"column":7}}]},"6":{"loc":{"start":{"line":148,"column":6},"end":{"line":150,"column":7}},"type":"if","locations":[{"start":{"line":148,"column":6},"end":{"line":150,"column":7}}]},"7":{"loc":{"start":{"line":152,"column":6},"end":{"line":154,"column":7}},"type":"if","locations":[{"start":{"line":152,"column":6},"end":{"line":154,"column":7}}]},"8":{"loc":{"start":{"line":156,"column":6},"end":{"line":179,"column":7}},"type":"if","locations":[{"start":{"line":156,"column":6},"end":{"line":179,"column":7}}]},"9":{"loc":{"start":{"line":157,"column":8},"end":{"line":159,"column":55}},"type":"binary-expr","locations":[{"start":{"line":157,"column":8},"end":{"line":157,"column":12}},{"start":{"line":158,"column":8},"end":{"line":158,"column":21}},{"start":{"line":159,"column":9},"end":{"line":159,"column":54}}]},"10":{"loc":{"start":{"line":197,"column":6},"end":{"line":199,"column":7}},"type":"if","locations":[{"start":{"line":197,"column":6},"end":{"line":199,"column":7}}]},"11":{"loc":{"start":{"line":210,"column":6},"end":{"line":215,"column":7}},"type":"if","locations":[{"start":{"line":210,"column":6},"end":{"line":215,"column":7}}]},"12":{"loc":{"start":{"line":58,"column":4},"end":{"line":69,"column":5}},"type":"switch","locations":[{"start":{"line":59,"column":6},"end":{"line":60,"column":20}},{"start":{"line":61,"column":6},"end":{"line":62,"column":25}},{"start":{"line":63,"column":6},"end":{"line":64,"column":30}},{"start":{"line":65,"column":6},"end":{"line":66,"column":35}},{"start":{"line":67,"column":6},"end":{"line":68,"column":53}}]},"13":{"loc":{"start":{"line":245,"column":4},"end":{"line":256,"column":5}},"type":"switch","locations":[{"start":{"line":246,"column":6},"end":{"line":247,"column":14}},{"start":{"line":248,"column":6},"end":{"line":250,"column":14}},{"start":{"line":251,"column":6},"end":{"line":253,"column":14}},{"start":{"line":254,"column":6},"end":{"line":255,"column":53}}]}},"s":{"0":2,"1":2,"2":2,"3":2,"4":2,"5":2,"6":2,"7":2,"8":2,"9":2,"10":2,"11":2,"12":2,"13":2,"14":2,"15":1,"16":1,"17":1,"18":1,"19":0,"20":1,"21":0,"22":1,"23":1,"24":1,"25":1,"26":1,"27":1,"28":1,"29":1,"30":0,"31":0,"32":0,"33":2,"34":3,"35":3,"36":3,"37":3,"38":0,"39":3,"40":0,"41":3,"42":0,"43":3,"44":2,"45":2,"46":2,"47":2,"48":2,"49":2,"50":1,"51":0,"52":0,"53":2,"54":2,"55":2,"56":2,"57":2,"58":2,"59":2,"60":1,"61":1,"62":1,"63":1,"64":0,"65":1,"66":1,"67":1,"68":1,"69":0,"70":0,"71":2,"72":2,"73":2,"74":2,"75":6,"76":6,"77":6,"78":6,"79":6,"80":6,"81":6,"82":6,"83":0,"84":4,"85":2,"86":0,"87":0,"88":1,"89":1,"90":1,"91":12,"92":0,"93":0,"94":0,"95":0,"96":0,"97":0,"98":0,"99":0,"100":0,"101":5,"102":2,"103":2},"f":{"0":2,"1":1,"2":3,"3":2,"4":2,"5":6,"6":6,"7":1,"8":12,"9":0,"10":5},"b":{"0":[0],"1":[0],"2":[1,0],"3":[1,1],"4":[1,0],"5":[0],"6":[0],"7":[0],"8":[2],"9":[3,3,3],"10":[1],"11":[0],"12":[0,4,2,0,0],"13":[0,0,0,0]}}
,"C:\\Users\\Павел\\Desktop\\homeworks_backend\\29082024\\Hospital-Appointment-Scheduler\\src\\server\\doctors\\doctors.controller.ts": {"path":"C:\\Users\\Павел\\Desktop\\homeworks_backend\\29082024\\Hospital-Appointment-Scheduler\\src\\server\\doctors\\doctors.controller.ts","statementMap":{"0":{"start":{"line":1,"column":0},"end":{"line":1,"column":66}},"1":{"start":{"line":2,"column":0},"end":{"line":2,"column":33}},"2":{"start":{"line":3,"column":0},"end":{"line":3,"column":30}},"3":{"start":{"line":4,"column":0},"end":{"line":4,"column":78}},"4":{"start":{"line":5,"column":0},"end":{"line":5,"column":77}},"5":{"start":{"line":6,"column":0},"end":{"line":6,"column":72}},"6":{"start":{"line":8,"column":0},"end":{"line":76,"column":null}},"7":{"start":{"line":13,"column":22},"end":{"line":13,"column":38}},"8":{"start":{"line":10,"column":9},"end":{"line":10,"column":27}},"9":{"start":{"line":11,"column":9},"end":{"line":11,"column":35}},"10":{"start":{"line":27,"column":2},"end":{"line":46,"column":4}},"11":{"start":{"line":31,"column":4},"end":{"line":45,"column":5}},"12":{"start":{"line":32,"column":21},"end":{"line":36,"column":8}},"13":{"start":{"line":37,"column":22},"end":{"line":37,"column":66}},"14":{"start":{"line":38,"column":6},"end":{"line":38,"column":49}},"15":{"start":{"line":40,"column":6},"end":{"line":40,"column":56}},"16":{"start":{"line":41,"column":6},"end":{"line":44,"column":9}},"17":{"start":{"line":48,"column":2},"end":{"line":75,"column":4}},"18":{"start":{"line":52,"column":4},"end":{"line":74,"column":5}},"19":{"start":{"line":53,"column":17},"end":{"line":53,"column":34}},"20":{"start":{"line":54,"column":21},"end":{"line":54,"column":64}},"21":{"start":{"line":56,"column":6},"end":{"line":61,"column":7}},"22":{"start":{"line":57,"column":8},"end":{"line":60,"column":11}},"23":{"start":{"line":63,"column":6},"end":{"line":63,"column":48}},"24":{"start":{"line":65,"column":6},"end":{"line":65,"column":61}},"25":{"start":{"line":66,"column":6},"end":{"line":73,"column":7}},"26":{"start":{"line":67,"column":8},"end":{"line":67,"column":73}},"27":{"start":{"line":69,"column":8},"end":{"line":72,"column":11}},"28":{"start":{"line":14,"column":4},"end":{"line":14,"column":28}},"29":{"start":{"line":18,"column":4},"end":{"line":18,"column":42}},"30":{"start":{"line":19,"column":4},"end":{"line":24,"column":6}},"31":{"start":{"line":9,"column":6},"end":{"line":76,"column":null}},"32":{"start":{"line":78,"column":0},"end":{"line":78,"column":32}}},"fnMap":{"0":{"name":"(anonymous_3)","decl":{"start":{"line":13,"column":2},"end":{"line":13,"column":22}},"loc":{"start":{"line":13,"column":52},"end":{"line":15,"column":3}}},"1":{"name":"(anonymous_4)","decl":{"start":{"line":27,"column":15},"end":{"line":27,"column":20}},"loc":{"start":{"line":30,"column":21},"end":{"line":46,"column":3}}},"2":{"name":"(anonymous_5)","decl":{"start":{"line":48,"column":18},"end":{"line":48,"column":23}},"loc":{"start":{"line":51,"column":21},"end":{"line":75,"column":3}}},"3":{"name":"(anonymous_6)","decl":{"start":{"line":17,"column":9},"end":{"line":17,"column":25}},"loc":{"start":{"line":17,"column":25},"end":{"line":25,"column":3}}}},"branchMap":{"0":{"loc":{"start":{"line":33,"column":14},"end":{"line":33,"column":68}},"type":"cond-expr","locations":[{"start":{"line":33,"column":35},"end":{"line":33,"column":61}},{"start":{"line":33,"column":64},"end":{"line":33,"column":68}}]},"1":{"loc":{"start":{"line":34,"column":14},"end":{"line":34,"column":68}},"type":"cond-expr","locations":[{"start":{"line":34,"column":35},"end":{"line":34,"column":61}},{"start":{"line":34,"column":64},"end":{"line":34,"column":68}}]},"2":{"loc":{"start":{"line":35,"column":34},"end":{"line":35,"column":70}},"type":"binary-expr","locations":[{"start":{"line":35,"column":34},"end":{"line":35,"column":62}},{"start":{"line":35,"column":66},"end":{"line":35,"column":70}}]},"3":{"loc":{"start":{"line":56,"column":6},"end":{"line":61,"column":7}},"type":"if","locations":[{"start":{"line":56,"column":6},"end":{"line":61,"column":7}}]},"4":{"loc":{"start":{"line":66,"column":6},"end":{"line":73,"column":7}},"type":"if","locations":[{"start":{"line":66,"column":6},"end":{"line":73,"column":7}},{"start":{"line":68,"column":13},"end":{"line":73,"column":7}}]}},"s":{"0":2,"1":2,"2":2,"3":2,"4":2,"5":2,"6":2,"7":2,"8":2,"9":2,"10":2,"11":1,"12":1,"13":1,"14":1,"15":0,"16":0,"17":2,"18":1,"19":1,"20":1,"21":1,"22":0,"23":1,"24":0,"25":0,"26":0,"27":0,"28":2,"29":2,"30":2,"31":2,"32":2},"f":{"0":2,"1":1,"2":1,"3":2},"b":{"0":[0,1],"1":[0,1],"2":[1,1],"3":[0],"4":[0,0]}}
,"C:\\Users\\Павел\\Desktop\\homeworks_backend\\29082024\\Hospital-Appointment-Scheduler\\src\\server\\middleware\\auth.middleware.ts": {"path":"C:\\Users\\Павел\\Desktop\\homeworks_backend\\29082024\\Hospital-Appointment-Scheduler\\src\\server\\middleware\\auth.middleware.ts","statementMap":{"0":{"start":{"line":12,"column":0},"end":{"line":12,"column":16}},"1":{"start":{"line":2,"column":0},"end":{"line":2,"column":33}},"2":{"start":{"line":3,"column":0},"end":{"line":3,"column":43}},"3":{"start":{"line":17,"column":16},"end":{"line":17,"column":67}},"4":{"start":{"line":18,"column":2},"end":{"line":20,"column":3}},"5":{"start":{"line":19,"column":4},"end":{"line":19,"column":74}},"6":{"start":{"line":22,"column":25},"end":{"line":22,"column":49}},"7":{"start":{"line":23,"column":53},"end":{"line":23,"column":69}},"8":{"start":{"line":25,"column":2},"end":{"line":27,"column":3}},"9":{"start":{"line":26,"column":4},"end":{"line":26,"column":56}},"10":{"start":{"line":29,"column":23},"end":{"line":35,"column":24}},"11":{"start":{"line":37,"column":2},"end":{"line":39,"column":3}},"12":{"start":{"line":38,"column":4},"end":{"line":38,"column":49}},"13":{"start":{"line":41,"column":2},"end":{"line":52,"column":3}},"14":{"start":{"line":42,"column":20},"end":{"line":43,"column":null}},"15":{"start":{"line":45,"column":4},"end":{"line":45,"column":23}},"16":{"start":{"line":46,"column":4},"end":{"line":48,"column":6}},"17":{"start":{"line":49,"column":4},"end":{"line":49,"column":11}},"18":{"start":{"line":51,"column":4},"end":{"line":51,"column":49}}},"fnMap":{"0":{"name":"isAuthenticated","decl":{"start":{"line":12,"column":16},"end":{"line":12,"column":31}},"loc":{"start":{"line":15,"column":28},"end":{"line":53,"column":1}}}},"branchMap":{"0":{"loc":{"start":{"line":18,"column":2},"end":{"line":20,"column":3}},"type":"if","locations":[{"start":{"line":18,"column":2},"end":{"line":20,"column":3}}]},"1":{"loc":{"start":{"line":25,"column":2},"end":{"line":27,"column":3}},"type":"if","locations":[{"start":{"line":25,"column":2},"end":{"line":27,"column":3}}]},"2":{"loc":{"start":{"line":25,"column":6},"end":{"line":25,"column":53}},"type":"binary-expr","locations":[{"start":{"line":25,"column":6},"end":{"line":25,"column":20}},{"start":{"line":25,"column":24},"end":{"line":25,"column":39}},{"start":{"line":25,"column":43},"end":{"line":25,"column":53}}]},"3":{"loc":{"start":{"line":37,"column":2},"end":{"line":39,"column":3}},"type":"if","locations":[{"start":{"line":37,"column":2},"end":{"line":39,"column":3}}]}},"s":{"0":2,"1":2,"2":2,"3":4,"4":4,"5":1,"6":3,"7":3,"8":3,"9":0,"10":3,"11":3,"12":2,"13":1,"14":1,"15":1,"16":1,"17":1,"18":0},"f":{"0":4},"b":{"0":[1],"1":[0],"2":[3,3,3],"3":[2]}}
,"C:\\Users\\Павел\\Desktop\\homeworks_backend\\29082024\\Hospital-Appointment-Scheduler\\src\\server\\middleware\\roles.middleware.ts": {"path":"C:\\Users\\Павел\\Desktop\\homeworks_backend\\29082024\\Hospital-Appointment-Scheduler\\src\\server\\middleware\\roles.middleware.ts","statementMap":{"0":{"start":{"line":9,"column":31},"end":{"line":41,"column":1}},"1":{"start":{"line":10,"column":2},"end":{"line":40,"column":4}},"2":{"start":{"line":15,"column":18},"end":{"line":15,"column":47}},"3":{"start":{"line":17,"column":4},"end":{"line":21,"column":5}},"4":{"start":{"line":18,"column":6},"end":{"line":20,"column":68}},"5":{"start":{"line":24,"column":24},"end":{"line":24,"column":63}},"6":{"start":{"line":25,"column":18},"end":{"line":25,"column":40}},"7":{"start":{"line":26,"column":27},"end":{"line":26,"column":35}},"8":{"start":{"line":27,"column":27},"end":{"line":28,"column":null}},"9":{"start":{"line":30,"column":20},"end":{"line":30,"column":46}},"10":{"start":{"line":31,"column":17},"end":{"line":31,"column":29}},"11":{"start":{"line":32,"column":4},"end":{"line":36,"column":5}},"12":{"start":{"line":33,"column":6},"end":{"line":35,"column":68}},"13":{"start":{"line":38,"column":4},"end":{"line":38,"column":27}},"14":{"start":{"line":39,"column":4},"end":{"line":39,"column":11}},"15":{"start":{"line":9,"column":13},"end":{"line":9,"column":31}}},"fnMap":{"0":{"name":"(anonymous_0)","decl":{"start":{"line":9,"column":31},"end":{"line":9,"column":32}},"loc":{"start":{"line":9,"column":51},"end":{"line":41,"column":1}}},"1":{"name":"(anonymous_1)","decl":{"start":{"line":10,"column":9},"end":{"line":10,"column":null}},"loc":{"start":{"line":14,"column":6},"end":{"line":40,"column":3}}}},"branchMap":{"0":{"loc":{"start":{"line":17,"column":4},"end":{"line":21,"column":5}},"type":"if","locations":[{"start":{"line":17,"column":4},"end":{"line":21,"column":5}}]},"1":{"loc":{"start":{"line":24,"column":24},"end":{"line":24,"column":63}},"type":"cond-expr","locations":[{"start":{"line":24,"column":47},"end":{"line":24,"column":55}},{"start":{"line":24,"column":58},"end":{"line":24,"column":63}}]},"2":{"loc":{"start":{"line":32,"column":4},"end":{"line":36,"column":5}},"type":"if","locations":[{"start":{"line":32,"column":4},"end":{"line":36,"column":5}}]}},"s":{"0":2,"1":4,"2":5,"3":5,"4":1,"5":4,"6":4,"7":4,"8":4,"9":4,"10":4,"11":4,"12":1,"13":3,"14":3,"15":2},"f":{"0":4,"1":5},"b":{"0":[1],"1":[0,4],"2":[1]}}
,"C:\\Users\\Павел\\Desktop\\homeworks_backend\\29082024\\Hospital-Appointment-Scheduler\\src\\server\\test\\test.controller.ts": {"path":"C:\\Users\\Павел\\Desktop\\homeworks_backend\\29082024\\Hospital-Appointment-Scheduler\\src\\server\\test\\test.controller.ts","statementMap":{"0":{"start":{"line":1,"column":0},"end":{"line":1,"column":52}},"1":{"start":{"line":2,"column":0},"end":{"line":2,"column":33}},"2":{"start":{"line":4,"column":0},"end":{"line":20,"column":null}},"3":{"start":{"line":6,"column":9},"end":{"line":6,"column":24}},"4":{"start":{"line":7,"column":9},"end":{"line":7,"column":27}},"5":{"start":{"line":17,"column":10},"end":{"line":19,"column":4}},"6":{"start":{"line":18,"column":4},"end":{"line":18,"column":52}},"7":{"start":{"line":10,"column":4},"end":{"line":10,"column":28}},"8":{"start":{"line":14,"column":4},"end":{"line":14,"column":41}},"9":{"start":{"line":5,"column":6},"end":{"line":20,"column":null}},"10":{"start":{"line":22,"column":0},"end":{"line":22,"column":30}}},"fnMap":{"0":{"name":"(anonymous_2)","decl":{"start":{"line":9,"column":2},"end":{"line":9,"column":null}},"loc":{"start":{"line":9,"column":2},"end":{"line":11,"column":3}}},"1":{"name":"(anonymous_3)","decl":{"start":{"line":17,"column":22},"end":{"line":17,"column":23}},"loc":{"start":{"line":17,"column":54},"end":{"line":19,"column":3}}},"2":{"name":"(anonymous_4)","decl":{"start":{"line":13,"column":10},"end":{"line":13,"column":26}},"loc":{"start":{"line":13,"column":26},"end":{"line":15,"column":3}}}},"branchMap":{},"s":{"0":1,"1":1,"2":1,"3":1,"4":1,"5":1,"6":0,"7":1,"8":1,"9":1,"10":1},"f":{"0":1,"1":0,"2":1},"b":{}}
,"C:\\Users\\Павел\\Desktop\\homeworks_backend\\29082024\\Hospital-Appointment-Scheduler\\src\\server\\utils\\customErrors.ts": {"path":"C:\\Users\\Павел\\Desktop\\homeworks_backend\\29082024\\Hospital-Appointment-Scheduler\\src\\server\\utils\\customErrors.ts","statementMap":{"0":{"start":{"line":1,"column":0},"end":{"line":1,"column":null}},"1":{"start":{"line":2,"column":2},"end":{"line":2,"column":null}},"2":{"start":{"line":3,"column":2},"end":{"line":3,"column":null}},"3":{"start":{"line":4,"column":2},"end":{"line":4,"column":null}},"4":{"start":{"line":5,"column":2},"end":{"line":5,"column":null}},"5":{"start":{"line":6,"column":2},"end":{"line":6,"column":null}},"6":{"start":{"line":7,"column":2},"end":{"line":7,"column":null}},"7":{"start":{"line":21,"column":4},"end":{"line":21,"column":24}},"8":{"start":{"line":23,"column":4},"end":{"line":23,"column":54}},"9":{"start":{"line":25,"column":4},"end":{"line":25,"column":37}},"10":{"start":{"line":26,"column":4},"end":{"line":26,"column":68}},"11":{"start":{"line":27,"column":4},"end":{"line":27,"column":34}},"12":{"start":{"line":16,"column":0},"end":{"line":16,"column":13}},"13":{"start":{"line":33,"column":4},"end":{"line":33,"column":72}},"14":{"start":{"line":31,"column":0},"end":{"line":31,"column":13}}},"fnMap":{"0":{"name":"(anonymous_0)","decl":{"start":{"line":1,"column":0},"end":{"line":1,"column":12}},"loc":{"start":{"line":1,"column":20},"end":{"line":8,"column":1}}},"1":{"name":"(anonymous_1)","decl":{"start":{"line":20,"column":2},"end":{"line":20,"column":14}},"loc":{"start":{"line":20,"column":32},"end":{"line":28,"column":3}}},"2":{"name":"(anonymous_2)","decl":{"start":{"line":32,"column":2},"end":{"line":32,"column":14}},"loc":{"start":{"line":32,"column":32},"end":{"line":34,"column":3}}}},"branchMap":{"0":{"loc":{"start":{"line":1,"column":12},"end":{"line":1,"column":null}},"type":"binary-expr","locations":[{"start":{"line":1,"column":12},"end":{"line":1,"column":20}},{"start":{"line":1,"column":20},"end":{"line":1,"column":null}}]},"1":{"loc":{"start":{"line":25,"column":16},"end":{"line":25,"column":36}},"type":"binary-expr","locations":[{"start":{"line":25,"column":16},"end":{"line":25,"column":25}},{"start":{"line":25,"column":29},"end":{"line":25,"column":36}}]},"2":{"loc":{"start":{"line":26,"column":20},"end":{"line":26,"column":67}},"type":"binary-expr","locations":[{"start":{"line":26,"column":20},"end":{"line":26,"column":33}},{"start":{"line":26,"column":37},"end":{"line":26,"column":67}}]},"3":{"loc":{"start":{"line":33,"column":31},"end":{"line":33,"column":68}},"type":"binary-expr","locations":[{"start":{"line":33,"column":31},"end":{"line":33,"column":44}},{"start":{"line":33,"column":48},"end":{"line":33,"column":68}}]}},"s":{"0":8,"1":8,"2":8,"3":8,"4":8,"5":8,"6":8,"7":6,"8":6,"9":6,"10":6,"11":6,"12":8,"13":2,"14":8},"f":{"0":8,"1":6,"2":2},"b":{"0":[8,8],"1":[6,4],"2":[6,1],"3":[2,1]}}
,"C:\\Users\\Павел\\Desktop\\homeworks_backend\\29082024\\Hospital-Appointment-Scheduler\\src\\server\\utils\\errorHandle.ts": {"path":"C:\\Users\\Павел\\Desktop\\homeworks_backend\\29082024\\Hospital-Appointment-Scheduler\\src\\server\\utils\\errorHandle.ts","statementMap":{"0":{"start":{"line":2,"column":0},"end":{"line":2,"column":45}},"1":{"start":{"line":3,"column":0},"end":{"line":3,"column":33}},"2":{"start":{"line":5,"column":20},"end":{"line":11,"column":1}},"3":{"start":{"line":6,"column":2},"end":{"line":6,"column":20}},"4":{"start":{"line":7,"column":2},"end":{"line":9,"column":3}},"5":{"start":{"line":8,"column":4},"end":{"line":8,"column":74}},"6":{"start":{"line":10,"column":2},"end":{"line":10,"column":45}},"7":{"start":{"line":13,"column":0},"end":{"line":13,"column":27}}},"fnMap":{"0":{"name":"(anonymous_1)","decl":{"start":{"line":5,"column":20},"end":{"line":5,"column":21}},"loc":{"start":{"line":5,"column":64},"end":{"line":11,"column":1}}}},"branchMap":{"0":{"loc":{"start":{"line":7,"column":2},"end":{"line":9,"column":3}},"type":"if","locations":[{"start":{"line":7,"column":2},"end":{"line":9,"column":3}}]}},"s":{"0":2,"1":2,"2":2,"3":0,"4":0,"5":0,"6":0,"7":2},"f":{"0":0},"b":{"0":[0]}}
,"C:\\Users\\Павел\\Desktop\\homeworks_backend\\29082024\\Hospital-Appointment-Scheduler\\src\\server\\utils\\logger.ts": {"path":"C:\\Users\\Павел\\Desktop\\homeworks_backend\\29082024\\Hospital-Appointment-Scheduler\\src\\server\\utils\\logger.ts","statementMap":{"0":{"start":{"line":26,"column":0},"end":{"line":26,"column":16}},"1":{"start":{"line":1,"column":0},"end":{"line":1,"column":30}},"2":{"start":{"line":4,"column":25},"end":{"line":4,"column":57}},"3":{"start":{"line":5,"column":27},"end":{"line":8,"column":2}},"4":{"start":{"line":9,"column":22},"end":{"line":9,"column":79}},"5":{"start":{"line":12,"column":39},"end":{"line":12,"column":53}},"6":{"start":{"line":13,"column":17},"end":{"line":17,"column":2}},"7":{"start":{"line":14,"column":2},"end":{"line":16,"column":5}},"8":{"start":{"line":19,"column":25},"end":{"line":22,"column":2}},"9":{"start":{"line":24,"column":15},"end":{"line":24,"column":53}},"10":{"start":{"line":31,"column":2},"end":{"line":31,"column":42}},"11":{"start":{"line":32,"column":2},"end":{"line":32,"column":9}},"12":{"start":{"line":35,"column":0},"end":{"line":35,"column":22}}},"fnMap":{"0":{"name":"(anonymous_1)","decl":{"start":{"line":13,"column":24},"end":{"line":13,"column":25}},"loc":{"start":{"line":13,"column":58},"end":{"line":17,"column":1}}},"1":{"name":"logRequest","decl":{"start":{"line":26,"column":16},"end":{"line":26,"column":26}},"loc":{"start":{"line":29,"column":28},"end":{"line":33,"column":1}}}},"branchMap":{"0":{"loc":{"start":{"line":15,"column":4},"end":{"line":15,"column":null}},"type":"cond-expr","locations":[{"start":{"line":15,"column":34},"end":{"line":15,"column":57}},{"start":{"line":15,"column":60},"end":{"line":15,"column":null}}]}},"s":{"0":3,"1":3,"2":3,"3":3,"4":3,"5":3,"6":3,"7":3,"8":3,"9":3,"10":5,"11":5,"12":3},"f":{"0":3,"1":5},"b":{"0":[0,3]}}
}
