TN:
SF:src\index.ts
FN:15,(anonymous_1)
FNF:1
FNH:0
FNDA:0,(anonymous_1)
DA:1,0
DA:2,0
DA:3,0
DA:4,0
DA:5,0
DA:6,0
DA:7,0
DA:8,0
DA:9,0
DA:10,0
DA:12,0
DA:13,0
DA:15,0
DA:16,0
DA:18,0
DA:19,0
DA:20,0
DA:21,0
DA:23,0
DA:33,0
DA:36,0
LF:21
LH:0
BRDA:18,0,0,0
BRF:1
BRH:0
end_of_record
TN:
SF:src\bll\appointment\appointment.service.ts
FN:8,(anonymous_3)
FN:10,(anonymous_4)
FN:14,(anonymous_5)
FN:20,(anonymous_6)
FN:26,(anonymous_7)
FNF:5
FNH:5
FNDA:6,(anonymous_3)
FNDA:2,(anonymous_4)
FNDA:2,(anonymous_5)
FNDA:2,(anonymous_6)
FNDA:2,(anonymous_7)
DA:1,3
DA:2,3
DA:6,3
DA:7,3
DA:8,6
DA:10,6
DA:11,2
DA:14,6
DA:17,2
DA:20,6
DA:23,2
DA:26,6
DA:29,2
DA:33,3
LF:14
LH:14
BRF:0
BRH:0
end_of_record
TN:
SF:src\bll\doctors\doctors.service.ts
FN:9,(anonymous_3)
FN:11,(anonymous_4)
FN:15,(anonymous_5)
FNF:3
FNH:3
FNDA:4,(anonymous_3)
FNDA:2,(anonymous_4)
FNDA:2,(anonymous_5)
DA:1,3
DA:2,3
DA:7,3
DA:8,3
DA:9,4
DA:11,4
DA:12,2
DA:15,4
DA:16,2
DA:20,3
LF:10
LH:10
BRF:0
BRH:0
end_of_record
TN:
SF:src\bll\users\users.service.ts
FN:8,(anonymous_3)
FN:9,(anonymous_4)
FN:15,(anonymous_5)
FN:23,(anonymous_6)
FN:27,(anonymous_7)
FN:47,(anonymous_8)
FNF:6
FNH:6
FNDA:5,(anonymous_3)
FNDA:2,(anonymous_4)
FNDA:2,(anonymous_5)
FNDA:8,(anonymous_6)
FNDA:2,(anonymous_7)
FNDA:2,(anonymous_8)
DA:2,3
DA:4,3
DA:6,3
DA:7,3
DA:8,5
DA:9,5
DA:10,2
DA:11,2
DA:12,2
DA:15,5
DA:16,2
DA:17,2
DA:18,2
DA:19,2
DA:20,2
DA:23,5
DA:24,8
DA:27,5
DA:28,2
DA:29,2
DA:30,2
DA:35,2
DA:36,0
DA:40,2
DA:41,0
DA:44,2
DA:45,2
DA:48,2
DA:52,3
LF:29
LH:27
BRDA:35,0,0,0
BRDA:40,1,0,0
BRDA:40,2,0,2
BRDA:40,2,1,2
BRF:4
BRH:2
end_of_record
TN:
SF:src\config\index.ts
FNF:0
FNH:0
DA:1,7
DA:9,7
DA:36,7
DA:37,7
DA:46,7
DA:48,7
LF:6
LH:6
BRF:0
BRH:0
end_of_record
TN:
SF:src\dal\client.ts
FN:15,(anonymous_1)
FN:19,(anonymous_2)
FNF:2
FNH:2
FNDA:9,(anonymous_1)
FNDA:2,(anonymous_2)
DA:1,7
DA:2,7
DA:16,9
DA:20,2
DA:21,2
DA:22,2
DA:23,2
DA:24,1
DA:26,2
DA:31,7
LF:10
LH:10
BRF:0
BRH:0
end_of_record
TN:
SF:src\dal\appointment\appointment.repository.ts
FN:11,(anonymous_3)
FN:15,(anonymous_4)
FN:113,(anonymous_5)
FN:245,(anonymous_6)
FN:288,(anonymous_7)
FNF:5
FNH:1
FNDA:5,(anonymous_3)
FNDA:0,(anonymous_4)
FNDA:0,(anonymous_5)
FNDA:0,(anonymous_6)
FNDA:0,(anonymous_7)
DA:2,2
DA:3,2
DA:4,2
DA:5,2
DA:7,2
DA:8,2
DA:12,5
DA:15,5
DA:18,0
DA:25,0
DA:34,0
DA:35,0
DA:37,0
DA:42,0
DA:48,0
DA:53,0
DA:54,0
DA:60,0
DA:61,0
DA:62,0
DA:63,0
DA:64,0
DA:66,0
DA:67,0
DA:69,0
DA:72,0
DA:75,0
DA:77,0
DA:79,0
DA:80,0
DA:85,0
DA:87,0
DA:89,0
DA:95,0
DA:101,0
DA:102,0
DA:103,0
DA:105,0
DA:113,5
DA:116,0
DA:124,0
DA:134,0
DA:135,0
DA:138,0
DA:139,0
DA:144,0
DA:145,0
DA:151,0
DA:154,0
DA:159,0
DA:166,0
DA:171,0
DA:177,0
DA:182,0
DA:183,0
DA:190,0
DA:192,0
DA:193,0
DA:194,0
DA:195,0
DA:197,0
DA:198,0
DA:200,0
DA:203,0
DA:206,0
DA:208,0
DA:211,0
DA:212,0
DA:217,0
DA:219,0
DA:221,0
DA:227,0
DA:233,0
DA:234,0
DA:235,0
DA:237,0
DA:245,5
DA:246,0
DA:248,0
DA:249,0
DA:251,0
DA:253,0
DA:254,0
DA:260,0
DA:263,0
DA:269,0
DA:271,0
DA:273,0
DA:275,0
DA:276,0
DA:277,0
DA:278,0
DA:280,0
DA:288,5
DA:291,0
DA:297,0
DA:298,0
DA:300,0
DA:301,0
DA:307,0
DA:309,0
DA:310,0
DA:311,0
DA:313,0
DA:322,2
LF:105
LH:12
BRDA:53,0,0,0
BRDA:61,1,0,0
BRDA:61,1,1,0
BRDA:75,2,0,0
BRDA:75,2,1,0
BRDA:77,3,0,0
BRDA:77,3,1,0
BRDA:102,4,0,0
BRDA:102,4,1,0
BRDA:144,5,0,0
BRDA:182,6,0,0
BRDA:192,7,0,0
BRDA:192,7,1,0
BRDA:206,8,0,0
BRDA:206,8,1,0
BRDA:208,9,0,0
BRDA:208,9,1,0
BRDA:234,10,0,0
BRDA:234,10,1,0
BRDA:253,11,0,0
BRDA:277,12,0,0
BRDA:277,12,1,0
BRDA:300,13,0,0
BRDA:310,14,0,0
BRDA:310,14,1,0
BRF:25
BRH:0
end_of_record
TN:
SF:src\dal\doctors\doctors.repository.ts
FN:12,(anonymous_3)
FN:16,(anonymous_4)
FN:54,(anonymous_5)
FNF:3
FNH:3
FNDA:3,(anonymous_3)
FNDA:1,(anonymous_4)
FNDA:1,(anonymous_5)
DA:2,3
DA:3,3
DA:4,3
DA:6,3
DA:8,3
DA:9,3
DA:13,3
DA:16,3
DA:17,1
DA:31,1
DA:32,1
DA:34,1
DA:35,0
DA:41,1
DA:43,0
DA:44,0
DA:45,0
DA:47,0
DA:54,3
DA:55,1
DA:56,1
DA:57,1
DA:59,1
DA:72,1
DA:74,1
DA:75,1
DA:76,1
DA:79,1
DA:85,1
DA:86,1
DA:87,1
DA:90,1
DA:91,1
DA:92,1
DA:95,1
DA:97,1
DA:98,0
DA:104,1
DA:106,0
DA:107,0
DA:108,0
DA:110,0
DA:118,3
LF:43
LH:33
BRDA:34,0,0,0
BRDA:44,1,0,0
BRDA:74,2,0,1
BRDA:85,3,0,1
BRDA:90,4,0,1
BRDA:91,5,0,1
BRDA:91,5,1,0
BRDA:97,6,0,0
BRDA:107,7,0,0
BRF:9
BRH:4
end_of_record
TN:
SF:src\dal\seeds\index.ts
FN:8,(anonymous_1)
FN:61,(anonymous_2)
FN:136,(anonymous_3)
FN:164,(anonymous_4)
FN:187,(anonymous_5)
FN:200,(anonymous_6)
FNF:6
FNH:0
FNDA:0,(anonymous_1)
FNDA:0,(anonymous_2)
FNDA:0,(anonymous_3)
FNDA:0,(anonymous_4)
FNDA:0,(anonymous_5)
FNDA:0,(anonymous_6)
DA:1,0
DA:2,0
DA:3,0
DA:4,0
DA:6,0
DA:8,0
DA:15,0
DA:16,0
DA:18,0
DA:19,0
DA:20,0
DA:21,0
DA:23,0
DA:32,0
DA:35,0
DA:40,0
DA:41,0
DA:42,0
DA:50,0
DA:52,0
DA:56,0
DA:57,0
DA:61,0
DA:62,0
DA:63,0
DA:64,0
DA:66,0
DA:67,0
DA:68,0
DA:69,0
DA:71,0
DA:72,0
DA:78,0
DA:79,0
DA:80,0
DA:81,0
DA:83,0
DA:84,0
DA:87,0
DA:88,0
DA:89,0
DA:91,0
DA:92,0
DA:96,0
DA:105,0
DA:111,0
DA:112,0
DA:113,0
DA:119,0
DA:120,0
DA:121,0
DA:129,0
DA:131,0
DA:132,0
DA:136,0
DA:137,0
DA:138,0
DA:139,0
DA:143,0
DA:144,0
DA:162,0
DA:164,0
DA:165,0
DA:166,0
DA:171,0
DA:177,0
DA:187,0
DA:188,0
DA:191,0
DA:192,0
DA:193,0
DA:196,0
DA:200,0
DA:201,0
DA:202,0
DA:203,0
DA:204,0
DA:205,0
DA:212,0
DA:219,0
DA:226,0
DA:227,0
DA:229,0
DA:230,0
LF:84
LH:0
BRDA:21,0,0,0
BRDA:71,1,0,0
BRDA:71,2,0,0
BRDA:71,2,1,0
BRDA:78,3,0,0
BRDA:78,3,1,0
BRDA:79,4,0,0
BRDA:79,4,1,0
BRDA:87,5,0,0
BRDA:87,5,1,0
BRF:10
BRH:0
end_of_record
TN:
SF:src\dal\tables\appointments.ts
FNF:0
FNH:0
DA:1,0
DA:17,0
DA:24,0
LF:3
LH:0
BRF:0
BRH:0
end_of_record
TN:
SF:src\dal\tables\doctors.ts
FNF:0
FNH:0
DA:1,0
DA:16,0
DA:23,0
LF:3
LH:0
BRF:0
BRH:0
end_of_record
TN:
SF:src\dal\tables\index.ts
FN:47,main
FN:79,checkIfTablesExist
FNF:2
FNH:0
FNDA:0,main
FNDA:0,checkIfTablesExist
DA:1,0
DA:2,0
DA:3,0
DA:8,0
DA:13,0
DA:18,0
DA:23,0
DA:28,0
DA:35,0
DA:37,0
DA:47,0
DA:48,0
DA:50,0
DA:51,0
DA:52,0
DA:53,0
DA:54,0
DA:55,0
DA:57,0
DA:58,0
DA:59,0
DA:60,0
DA:61,0
DA:62,0
DA:64,0
DA:65,0
DA:66,0
DA:67,0
DA:68,0
DA:69,0
DA:70,0
DA:71,0
DA:73,0
DA:75,0
DA:79,0
DA:80,0
DA:81,0
DA:97,0
DA:99,0
DA:100,0
LF:40
LH:0
BRF:0
BRH:0
end_of_record
TN:
SF:src\dal\tables\medicalCard.ts
FNF:0
FNH:0
DA:1,0
DA:15,0
DA:22,0
LF:3
LH:0
BRF:0
BRH:0
end_of_record
TN:
SF:src\dal\tables\patients.ts
FNF:0
FNH:0
DA:1,0
DA:18,0
DA:25,0
LF:3
LH:0
BRF:0
BRH:0
end_of_record
TN:
SF:src\dal\tables\schedule.ts
FNF:0
FNH:0
DA:1,0
DA:12,0
DA:19,0
LF:3
LH:0
BRF:0
BRH:0
end_of_record
TN:
SF:src\dal\tables\schedules_time.ts
FNF:0
FNH:0
DA:1,0
DA:16,0
DA:26,0
DA:33,0
LF:4
LH:0
BRF:0
BRH:0
end_of_record
TN:
SF:src\dal\users\users.repository.ts
FN:9,(anonymous_3)
FN:11,(anonymous_4)
FN:35,(anonymous_5)
FNF:3
FNH:3
FNDA:6,(anonymous_3)
FNDA:3,(anonymous_4)
FNDA:2,(anonymous_5)
DA:2,3
DA:3,3
DA:4,3
DA:5,3
DA:7,3
DA:8,3
DA:9,6
DA:11,6
DA:12,3
DA:17,3
DA:19,3
DA:20,3
DA:21,2
DA:22,1
DA:24,1
DA:27,1
DA:28,1
DA:35,6
DA:36,2
DA:41,2
DA:53,2
DA:54,2
DA:55,1
DA:57,1
DA:58,1
DA:66,3
LF:26
LH:26
BRDA:9,0,0,1
BRDA:21,1,0,1
BRDA:21,1,1,1
BRF:3
BRH:3
end_of_record
TN:
SF:src\server\app.ts
FN:7,(anonymous_1)
FN:23,(anonymous_2)
FN:33,(anonymous_3)
FN:48,(anonymous_4)
FN:52,(anonymous_5)
FN:53,(anonymous_6)
FN:57,(anonymous_7)
FN:62,(anonymous_8)
FN:63,(anonymous_9)
FN:67,(anonymous_10)
FNF:10
FNH:10
FNDA:3,(anonymous_1)
FNDA:2,(anonymous_2)
FNDA:2,(anonymous_3)
FNDA:2,(anonymous_4)
FNDA:2,(anonymous_5)
FNDA:2,(anonymous_6)
FNDA:5,(anonymous_7)
FNDA:1,(anonymous_8)
FNDA:1,(anonymous_9)
FNDA:1,(anonymous_10)
DA:1,2
DA:2,2
DA:3,2
DA:4,2
DA:5,2
DA:7,2
DA:12,3
DA:13,3
DA:15,3
DA:24,2
DA:25,2
DA:26,2
DA:27,2
DA:28,2
DA:29,2
DA:30,2
DA:34,2
DA:35,2
DA:43,2
DA:44,2
DA:45,2
DA:49,2
DA:53,2
DA:54,2
DA:57,2
DA:58,5
DA:63,1
DA:64,1
DA:69,1
DA:70,1
DA:75,2
LF:31
LH:31
BRDA:12,0,0,3
BRDA:69,1,0,1
BRF:2
BRH:2
end_of_record
TN:
SF:src\server\appointment\appointment.controller.ts
FN:13,(anonymous_3)
FN:29,(anonymous_4)
FN:44,(anonymous_5)
FN:59,(anonymous_6)
FN:74,(anonymous_7)
FN:17,(anonymous_8)
FNF:6
FNH:6
FNDA:2,(anonymous_3)
FNDA:1,(anonymous_4)
FNDA:1,(anonymous_5)
FNDA:1,(anonymous_6)
FNDA:1,(anonymous_7)
FNDA:2,(anonymous_8)
DA:1,2
DA:2,2
DA:3,2
DA:4,2
DA:5,2
DA:8,2
DA:9,2
DA:10,2
DA:11,2
DA:13,2
DA:14,2
DA:18,2
DA:19,2
DA:20,2
DA:21,2
DA:29,2
DA:33,1
DA:34,1
DA:36,1
DA:37,1
DA:39,0
DA:40,0
DA:44,2
DA:48,1
DA:49,1
DA:51,1
DA:52,1
DA:54,0
DA:55,0
DA:59,2
DA:63,1
DA:64,1
DA:66,1
DA:67,1
DA:69,0
DA:70,0
DA:74,2
DA:78,1
DA:79,1
DA:81,1
DA:82,1
DA:84,0
DA:85,0
DA:90,2
LF:44
LH:36
BRF:0
BRH:0
end_of_record
TN:
SF:src\server\auth\auth.controller.ts
FN:23,(anonymous_10)
FN:84,(anonymous_11)
FN:138,(anonymous_12)
FN:188,(anonymous_13)
FN:27,(anonymous_14)
FN:33,(anonymous_15)
FN:55,(anonymous_16)
FN:72,(anonymous_17)
FN:235,(anonymous_18)
FN:243,(anonymous_19)
FN:260,(anonymous_20)
FNF:11
FNH:10
FNDA:2,(anonymous_10)
FNDA:1,(anonymous_11)
FNDA:3,(anonymous_12)
FNDA:2,(anonymous_13)
FNDA:2,(anonymous_14)
FNDA:6,(anonymous_15)
FNDA:6,(anonymous_16)
FNDA:1,(anonymous_17)
FNDA:12,(anonymous_18)
FNDA:0,(anonymous_19)
FNDA:5,(anonymous_20)
DA:1,2
DA:2,2
DA:3,2
DA:4,2
DA:5,2
DA:7,2
DA:9,2
DA:11,2
DA:12,2
DA:13,2
DA:17,2
DA:18,2
DA:19,2
DA:21,2
DA:23,2
DA:24,2
DA:28,2
DA:29,2
DA:30,2
DA:39,6
DA:40,6
DA:44,6
DA:45,6
DA:52,6
DA:56,6
DA:57,6
DA:58,6
DA:60,0
DA:62,4
DA:64,2
DA:66,0
DA:68,0
DA:73,1
DA:74,1
DA:81,1
DA:84,2
DA:85,1
DA:86,1
DA:88,1
DA:89,1
DA:90,0
DA:92,1
DA:93,0
DA:99,1
DA:100,1
DA:101,1
DA:102,1
DA:103,1
DA:109,1
DA:116,1
DA:117,1
DA:121,0
DA:126,0
DA:131,0
DA:138,2
DA:139,3
DA:140,3
DA:142,3
DA:144,3
DA:145,0
DA:148,3
DA:149,0
DA:152,3
DA:153,0
DA:156,3
DA:161,2
DA:167,2
DA:168,2
DA:175,2
DA:177,2
DA:178,2
DA:181,1
DA:183,0
DA:184,0
DA:188,2
DA:192,2
DA:193,2
DA:195,2
DA:197,2
DA:198,1
DA:201,1
DA:203,1
DA:210,1
DA:211,0
DA:217,1
DA:224,1
DA:226,1
DA:228,1
DA:230,0
DA:231,0
DA:236,12
DA:244,0
DA:245,0
DA:247,0
DA:249,0
DA:250,0
DA:252,0
DA:253,0
DA:255,0
DA:257,0
DA:261,5
DA:265,2
LF:102
LH:77
BRDA:89,0,0,0
BRDA:92,1,0,0
BRDA:99,2,0,1
BRDA:99,2,1,0
BRDA:99,3,0,1
BRDA:99,3,1,1
BRDA:102,4,0,1
BRDA:102,4,1,0
BRDA:144,5,0,0
BRDA:148,6,0,0
BRDA:152,7,0,0
BRDA:156,8,0,2
BRDA:157,9,0,3
BRDA:157,9,1,3
BRDA:157,9,2,3
BRDA:197,10,0,1
BRDA:210,11,0,0
BRDA:58,12,0,0
BRDA:58,12,1,4
BRDA:58,12,2,2
BRDA:58,12,3,0
BRDA:58,12,4,0
BRDA:245,13,0,0
BRDA:245,13,1,0
BRDA:245,13,2,0
BRDA:245,13,3,0
BRF:26
BRH:11
end_of_record
TN:
SF:src\server\doctors\doctors.controller.ts
FN:13,(anonymous_3)
FN:27,(anonymous_4)
FN:48,(anonymous_5)
FN:17,(anonymous_6)
FNF:4
FNH:4
FNDA:2,(anonymous_3)
FNDA:1,(anonymous_4)
FNDA:1,(anonymous_5)
FNDA:2,(anonymous_6)
DA:1,2
DA:2,2
DA:3,2
DA:4,2
DA:5,2
DA:6,2
DA:8,2
DA:9,2
DA:10,2
DA:11,2
DA:13,2
DA:14,2
DA:18,2
DA:19,2
DA:27,2
DA:31,1
DA:32,1
DA:37,1
DA:38,1
DA:40,0
DA:41,0
DA:48,2
DA:52,1
DA:53,1
DA:54,1
DA:56,1
DA:57,0
DA:63,1
DA:65,0
DA:66,0
DA:67,0
DA:69,0
DA:78,2
LF:33
LH:26
BRDA:33,0,0,0
BRDA:33,0,1,1
BRDA:34,1,0,0
BRDA:34,1,1,1
BRDA:35,2,0,1
BRDA:35,2,1,1
BRDA:56,3,0,0
BRDA:66,4,0,0
BRDA:66,4,1,0
BRF:9
BRH:4
end_of_record
TN:
SF:src\server\middleware\auth.middleware.ts
FN:12,isAuthenticated
FNF:1
FNH:1
FNDA:4,isAuthenticated
DA:2,2
DA:3,2
DA:12,2
DA:17,4
DA:18,4
DA:19,1
DA:22,3
DA:23,3
DA:25,3
DA:26,0
DA:29,3
DA:37,3
DA:38,2
DA:41,1
DA:42,1
DA:45,1
DA:46,1
DA:49,1
DA:51,0
LF:19
LH:17
BRDA:18,0,0,1
BRDA:25,1,0,0
BRDA:25,2,0,3
BRDA:25,2,1,3
BRDA:25,2,2,3
BRDA:37,3,0,2
BRF:6
BRH:5
end_of_record
TN:
SF:src\server\middleware\roles.middleware.ts
FN:9,(anonymous_0)
FN:10,(anonymous_1)
FNF:2
FNH:2
FNDA:4,(anonymous_0)
FNDA:5,(anonymous_1)
DA:9,2
DA:10,4
DA:15,5
DA:17,5
DA:18,1
DA:24,4
DA:25,4
DA:26,4
DA:27,4
DA:30,4
DA:31,4
DA:32,4
DA:33,1
DA:38,3
DA:39,3
LF:15
LH:15
BRDA:17,0,0,1
BRDA:24,1,0,0
BRDA:24,1,1,4
BRDA:32,2,0,1
BRF:4
BRH:3
end_of_record
TN:
SF:src\server\test\test.controller.ts
FN:9,(anonymous_2)
FN:17,(anonymous_3)
FN:13,(anonymous_4)
FNF:3
FNH:2
FNDA:1,(anonymous_2)
FNDA:0,(anonymous_3)
FNDA:1,(anonymous_4)
DA:1,1
DA:2,1
DA:4,1
DA:5,1
DA:6,1
DA:7,1
DA:10,1
DA:14,1
DA:17,1
DA:18,0
DA:22,1
LF:11
LH:10
BRF:0
BRH:0
end_of_record
TN:
SF:src\server\utils\customErrors.ts
FN:1,(anonymous_0)
FN:20,(anonymous_1)
FN:32,(anonymous_2)
FNF:3
FNH:3
FNDA:8,(anonymous_0)
FNDA:6,(anonymous_1)
FNDA:2,(anonymous_2)
DA:1,8
DA:2,8
DA:3,8
DA:4,8
DA:5,8
DA:6,8
DA:7,8
DA:16,8
DA:21,6
DA:23,6
DA:25,6
DA:26,6
DA:27,6
DA:31,8
DA:33,2
LF:15
LH:15
BRDA:1,0,0,8
BRDA:1,0,1,8
BRDA:25,1,0,6
BRDA:25,1,1,4
BRDA:26,2,0,6
BRDA:26,2,1,1
BRDA:33,3,0,2
BRDA:33,3,1,1
BRF:8
BRH:8
end_of_record
TN:
SF:src\server\utils\errorHandle.ts
FN:5,(anonymous_1)
FNF:1
FNH:0
FNDA:0,(anonymous_1)
DA:2,2
DA:3,2
DA:5,2
DA:6,0
DA:7,0
DA:8,0
DA:10,0
DA:13,2
LF:8
LH:4
BRDA:7,0,0,0
BRF:1
BRH:0
end_of_record
TN:
SF:src\server\utils\logger.ts
FN:13,(anonymous_1)
FN:26,logRequest
FNF:2
FNH:2
FNDA:3,(anonymous_1)
FNDA:5,logRequest
DA:1,3
DA:4,3
DA:5,3
DA:9,3
DA:12,3
DA:13,3
DA:14,3
DA:19,3
DA:24,3
DA:26,3
DA:31,5
DA:32,5
DA:35,3
LF:13
LH:13
BRDA:15,0,0,0
BRDA:15,0,1,3
BRF:2
BRH:1
end_of_record
